This is pdfTeX, Version 3.14159265-2.6-1.40.16 (TeX Live 2015) (preloaded format=pdflatex 2015.5.24)  16 MAY 2019 16:37
entering extended mode
 restricted \write18 enabled.
 %&-line parsing enabled.
**microcredit_bils_wjv.tex
(./microcredit_bils_wjv.tex
LaTeX2e <2015/01/01>
Babel <3.9l> and hyphenation patterns for 79 languages loaded.
(/usr/local/texlive/2015/texmf-dist/tex/latex/base/article.cls
Document Class: article 2014/09/29 v1.4h Standard LaTeX document class
(/usr/local/texlive/2015/texmf-dist/tex/latex/base/size12.clo
File: size12.clo 2014/09/29 v1.4h Standard LaTeX file (size option)
)
\c@part=\count79
\c@section=\count80
\c@subsection=\count81
\c@subsubsection=\count82
\c@paragraph=\count83
\c@subparagraph=\count84
\c@figure=\count85
\c@table=\count86
\abovecaptionskip=\skip41
\belowcaptionskip=\skip42
\bibindent=\dimen102
)
(/usr/local/texlive/2015/texmf-dist/tex/latex/amsfonts/amssymb.sty
Package: amssymb 2013/01/14 v3.01 AMS font symbols

(/usr/local/texlive/2015/texmf-dist/tex/latex/amsfonts/amsfonts.sty
Package: amsfonts 2013/01/14 v3.01 Basic AMSFonts support
\@emptytoks=\toks14
\symAMSa=\mathgroup4
\symAMSb=\mathgroup5
LaTeX Font Info:    Overwriting math alphabet `\mathfrak' in version `bold'
(Font)                  U/euf/m/n --> U/euf/b/n on input line 106.
))
(/usr/local/texlive/2015/texmf-dist/tex/latex/amsmath/amsmath.sty
Package: amsmath 2013/01/14 v2.14 AMS math features
\@mathmargin=\skip43

For additional information on amsmath, use the `?' option.
(/usr/local/texlive/2015/texmf-dist/tex/latex/amsmath/amstext.sty
Package: amstext 2000/06/29 v2.01

(/usr/local/texlive/2015/texmf-dist/tex/latex/amsmath/amsgen.sty
File: amsgen.sty 1999/11/30 v2.0
\@emptytoks=\toks15
\ex@=\dimen103
))
(/usr/local/texlive/2015/texmf-dist/tex/latex/amsmath/amsbsy.sty
Package: amsbsy 1999/11/29 v1.2d
\pmbraise@=\dimen104
)
(/usr/local/texlive/2015/texmf-dist/tex/latex/amsmath/amsopn.sty
Package: amsopn 1999/12/14 v2.01 operator names
)
\inf@bad=\count87
LaTeX Info: Redefining \frac on input line 210.
\uproot@=\count88
\leftroot@=\count89
LaTeX Info: Redefining \overline on input line 306.
\classnum@=\count90
\DOTSCASE@=\count91
LaTeX Info: Redefining \ldots on input line 378.
LaTeX Info: Redefining \dots on input line 381.
LaTeX Info: Redefining \cdots on input line 466.
\Mathstrutbox@=\box26
\strutbox@=\box27
\big@size=\dimen105
LaTeX Font Info:    Redeclaring font encoding OML on input line 566.
LaTeX Font Info:    Redeclaring font encoding OMS on input line 567.
\macc@depth=\count92
\c@MaxMatrixCols=\count93
\dotsspace@=\muskip10
\c@parentequation=\count94
\dspbrk@lvl=\count95
\tag@help=\toks16
\row@=\count96
\column@=\count97
\maxfields@=\count98
\andhelp@=\toks17
\eqnshift@=\dimen106
\alignsep@=\dimen107
\tagshift@=\dimen108
\tagwidth@=\dimen109
\totwidth@=\dimen110
\lineht@=\dimen111
\@envbody=\toks18
\multlinegap=\skip44
\multlinetaggap=\skip45
\mathdisplay@stack=\toks19
LaTeX Info: Redefining \[ on input line 2665.
LaTeX Info: Redefining \] on input line 2666.
)
(/usr/local/texlive/2015/texmf-dist/tex/latex/eurosym/eurosym.sty
Package: eurosym 1998/08/06 v1.1 European currency symbol ``Euro''
\@eurobox=\box28
)
(/usr/local/texlive/2015/texmf-dist/tex/latex/geometry/geometry.sty
Package: geometry 2010/09/12 v5.6 Page Geometry

(/usr/local/texlive/2015/texmf-dist/tex/latex/graphics/keyval.sty
Package: keyval 2014/10/28 v1.15 key=value parser (DPC)
\KV@toks@=\toks20
)
(/usr/local/texlive/2015/texmf-dist/tex/generic/oberdiek/ifpdf.sty
Package: ifpdf 2011/01/30 v2.3 Provides the ifpdf switch (HO)
Package ifpdf Info: pdfTeX in PDF mode is detected.
)
(/usr/local/texlive/2015/texmf-dist/tex/generic/oberdiek/ifvtex.sty
Package: ifvtex 2010/03/01 v1.5 Detect VTeX and its facilities (HO)
Package ifvtex Info: VTeX not detected.
)
(/usr/local/texlive/2015/texmf-dist/tex/generic/ifxetex/ifxetex.sty
Package: ifxetex 2010/09/12 v0.6 Provides ifxetex conditional
)
\Gm@cnth=\count99
\Gm@cntv=\count100
\c@Gm@tempcnt=\count101
\Gm@bindingoffset=\dimen112
\Gm@wd@mp=\dimen113
\Gm@odd@mp=\dimen114
\Gm@even@mp=\dimen115
\Gm@layoutwidth=\dimen116
\Gm@layoutheight=\dimen117
\Gm@layouthoffset=\dimen118
\Gm@layoutvoffset=\dimen119
\Gm@dimlist=\toks21
)
(/usr/local/texlive/2015/texmf-dist/tex/generic/ulem/ulem.sty
\UL@box=\box29
\UL@hyphenbox=\box30
\UL@skip=\skip46
\UL@hook=\toks22
\UL@height=\dimen120
\UL@pe=\count102
\UL@pixel=\dimen121
\ULC@box=\box31
Package: ulem 2012/05/18
\ULdepth=\dimen122
)
(/usr/local/texlive/2015/texmf-dist/tex/latex/graphics/graphicx.sty
Package: graphicx 2014/10/28 v1.0g Enhanced LaTeX Graphics (DPC,SPQR)

(/usr/local/texlive/2015/texmf-dist/tex/latex/graphics/graphics.sty
Package: graphics 2014/10/28 v1.0p Standard LaTeX Graphics (DPC,SPQR)

(/usr/local/texlive/2015/texmf-dist/tex/latex/graphics/trig.sty
Package: trig 1999/03/16 v1.09 sin cos tan (DPC)
)
(/usr/local/texlive/2015/texmf-dist/tex/latex/latexconfig/graphics.cfg
File: graphics.cfg 2010/04/23 v1.9 graphics configuration of TeX Live
)
Package graphics Info: Driver file: pdftex.def on input line 94.

(/usr/local/texlive/2015/texmf-dist/tex/latex/pdftex-def/pdftex.def
File: pdftex.def 2011/05/27 v0.06d Graphics/color for pdfTeX

(/usr/local/texlive/2015/texmf-dist/tex/generic/oberdiek/infwarerr.sty
Package: infwarerr 2010/04/08 v1.3 Providing info/warning/error messages (HO)
)
(/usr/local/texlive/2015/texmf-dist/tex/generic/oberdiek/ltxcmds.sty
Package: ltxcmds 2011/11/09 v1.22 LaTeX kernel commands for general use (HO)
)
\Gread@gobject=\count103
))
\Gin@req@height=\dimen123
\Gin@req@width=\dimen124
)
(/usr/local/texlive/2015/texmf-dist/tex/latex/graphics/color.sty
Package: color 2014/10/28 v1.1a Standard LaTeX Color (DPC)

(/usr/local/texlive/2015/texmf-dist/tex/latex/latexconfig/color.cfg
File: color.cfg 2007/01/18 v1.5 color configuration of teTeX/TeXLive
)
Package color Info: Driver file: pdftex.def on input line 142.
)
(/usr/local/texlive/2015/texmf-dist/tex/latex/setspace/setspace.sty
Package: setspace 2011/12/19 v6.7a set line spacing
)
(/usr/local/texlive/2015/texmf-dist/tex/latex/sectsty/sectsty.sty
Package: sectsty 2002/02/25 v2.0.2 Commands to change all sectional heading sty
les
)
(/usr/local/texlive/2015/texmf-dist/tex/latex/comment/comment.sty
\CommentStream=\write3

Excluding comment 'comment')
(/usr/local/texlive/2015/texmf-dist/tex/latex/natbib/natbib.sty
Package: natbib 2010/09/13 8.31b (PWD, AO)
\bibhang=\skip47
\bibsep=\skip48
LaTeX Info: Redefining \cite on input line 694.
\c@NAT@ctr=\count104
)
(/usr/local/texlive/2015/texmf-dist/tex/latex/oberdiek/pdflscape.sty
Package: pdflscape 2008/08/11 v0.10 Display of landscape pages in PDF (HO)

(/usr/local/texlive/2015/texmf-dist/tex/latex/graphics/lscape.sty
Package: lscape 2000/10/22 v3.01 Landscape Pages (DPC)
)
Package pdflscape Info: Auto-detected driver: pdftex on input line 80.
)
(/usr/local/texlive/2015/texmf-dist/tex/latex/tools/array.sty
Package: array 2014/10/28 v2.4c Tabular extension package (FMi)
\col@sep=\dimen125
\extrarowheight=\dimen126
\NC@list=\toks23
\extratabsurround=\skip49
\backup@length=\skip50
)
(/usr/local/texlive/2015/texmf-dist/tex/latex/adjustbox/adjustbox.sty
Package: adjustbox 2012/05/21 v1.0 Adjusting TeX boxes (trim, clip, ...)

(/usr/local/texlive/2015/texmf-dist/tex/latex/xkeyval/xkeyval.sty
Package: xkeyval 2014/12/03 v2.7a package option processing (HA)

(/usr/local/texlive/2015/texmf-dist/tex/generic/xkeyval/xkeyval.tex
(/usr/local/texlive/2015/texmf-dist/tex/generic/xkeyval/xkvutils.tex
\XKV@toks=\toks24
\XKV@tempa@toks=\toks25
)
\XKV@depth=\count105
File: xkeyval.tex 2014/12/03 v2.7a key=value parser (HA)
))
(/usr/local/texlive/2015/texmf-dist/tex/latex/adjustbox/adjcalc.sty
Package: adjcalc 2012/05/16 v1.1 Provides advanced setlength with multiple back
-ends (calc, etex, pgfmath)
)
(/usr/local/texlive/2015/texmf-dist/tex/latex/adjustbox/trimclip.sty
Package: trimclip 2012/05/16 v1.0 Trim and clip general TeX material

(/usr/local/texlive/2015/texmf-dist/tex/latex/collectbox/collectbox.sty
Package: collectbox 2012/05/17 v0.4b Collect macro arguments as boxes
\collectedbox=\box32
)
\tc@llx=\dimen127
\tc@lly=\dimen128
\tc@urx=\dimen129
\tc@ury=\dimen130
Package trimclip Info: Using driver 'tc-pdftex.def'.

(/usr/local/texlive/2015/texmf-dist/tex/latex/adjustbox/tc-pdftex.def
File: tc-pdftex.def 2012/05/13 v1.0 Clipping driver for pdftex
))
\adjbox@Width=\dimen131
\adjbox@Height=\dimen132
\adjbox@Depth=\dimen133
\adjbox@Totalheight=\dimen134

(/usr/local/texlive/2015/texmf-dist/tex/latex/ifoddpage/ifoddpage.sty
Package: ifoddpage 2011/09/13 v1.0 Conditionals for odd/even page detection
\c@checkoddpage=\count106
)
(/usr/local/texlive/2015/texmf-dist/tex/latex/varwidth/varwidth.sty
Package: varwidth 2009/03/30 ver 0.92;  Variable-width minipages
\@vwid@box=\box33
\sift@deathcycles=\count107
\@vwid@loff=\dimen135
\@vwid@roff=\dimen136
))
(/usr/local/texlive/2015/texmf-dist/tex/latex/psnfss/palatino.sty
Package: palatino 2005/04/12 PSNFSS-v9.2a (SPQR) 
)
(/usr/local/texlive/2015/texmf-dist/tex/latex/newtx/newtxmath.sty
Package: newtxmath 2015/05/01 v1.437

`newtxmath' v1.437, 2015/05/01 Math macros based on txfonts (msharpe)
(/usr/local/texlive/2015/texmf-dist/tex/generic/oberdiek/ifluatex.sty
Package: ifluatex 2010/03/01 v1.3 Provides the ifluatex switch (HO)
Package ifluatex Info: LuaTeX not detected.
)
(/usr/local/texlive/2015/texmf-dist/tex/generic/kastrup/binhex.tex)
\tx@Isdigit=\count108
LaTeX Font Info:    Redeclaring symbol font `operators' on input line 107.
LaTeX Font Info:    Overwriting symbol font `operators' in version `normal'
(Font)                  OT1/cmr/m/n --> OT1/ppl/m/n on input line 107.
LaTeX Font Info:    Overwriting symbol font `operators' in version `bold'
(Font)                  OT1/cmr/bx/n --> OT1/ppl/m/n on input line 107.
LaTeX Font Info:    Overwriting symbol font `operators' in version `bold'
(Font)                  OT1/ppl/m/n --> OT1/ppl/b/n on input line 108.
LaTeX Font Info:    Redeclaring math alphabet \mathsf on input line 114.
LaTeX Font Info:    Overwriting math alphabet `\mathsf' in version `normal'
(Font)                  OT1/cmss/m/n --> OT1/phv/m/n on input line 114.
LaTeX Font Info:    Overwriting math alphabet `\mathsf' in version `bold'
(Font)                  OT1/cmss/bx/n --> OT1/phv/m/n on input line 114.
LaTeX Font Info:    Redeclaring math alphabet \mathit on input line 115.
LaTeX Font Info:    Overwriting math alphabet `\mathit' in version `normal'
(Font)                  OT1/cmr/m/it --> OT1/ppl/m/it on input line 115.
LaTeX Font Info:    Overwriting math alphabet `\mathit' in version `bold'
(Font)                  OT1/cmr/bx/it --> OT1/ppl/m/it on input line 115.
LaTeX Font Info:    Redeclaring math alphabet \mathtt on input line 116.
LaTeX Font Info:    Overwriting math alphabet `\mathtt' in version `normal'
(Font)                  OT1/cmtt/m/n --> OT1/pcr/m/n on input line 116.
LaTeX Font Info:    Overwriting math alphabet `\mathtt' in version `bold'
(Font)                  OT1/cmtt/m/n --> OT1/pcr/m/n on input line 116.
LaTeX Font Info:    Redeclaring math alphabet \mathbf on input line 118.
LaTeX Font Info:    Overwriting math alphabet `\mathbf' in version `normal'
(Font)                  OT1/cmr/bx/n --> OT1/ppl/b/n on input line 118.
LaTeX Font Info:    Overwriting math alphabet `\mathbf' in version `bold'
(Font)                  OT1/cmr/bx/n --> OT1/ppl/b/n on input line 118.
LaTeX Font Info:    Overwriting math alphabet `\mathit' in version `bold'
(Font)                  OT1/ppl/m/it --> OT1/ppl/b/it on input line 119.
LaTeX Font Info:    Overwriting math alphabet `\mathsf' in version `bold'
(Font)                  OT1/phv/m/n --> OT1/phv/b/n on input line 120.
LaTeX Font Info:    Overwriting math alphabet `\mathtt' in version `bold'
(Font)                  OT1/pcr/m/n --> OT1/pcr/b/n on input line 121.
LaTeX Font Info:    Redeclaring symbol font `letters' on input line 162.
LaTeX Font Info:    Overwriting symbol font `letters' in version `normal'
(Font)                  OML/cmm/m/it --> OML/ntxmi/m/it on input line 162.
LaTeX Font Info:    Overwriting symbol font `letters' in version `bold'
(Font)                  OML/cmm/b/it --> OML/ntxmi/m/it on input line 162.
LaTeX Font Info:    Overwriting symbol font `letters' in version `bold'
(Font)                  OML/ntxmi/m/it --> OML/ntxmi/b/it on input line 163.
\symlettersA=\mathgroup6
LaTeX Font Info:    Overwriting symbol font `lettersA' in version `bold'
(Font)                  U/ntxmia/m/it --> U/ntxmia/b/it on input line 177.
LaTeX Font Info:    Redeclaring math alphabet \mathfrak on input line 179.
LaTeX Font Info:    Redeclaring symbol font `symbols' on input line 185.
LaTeX Font Info:    Overwriting symbol font `symbols' in version `normal'
(Font)                  OMS/cmsy/m/n --> OMS/ntxsy/m/n on input line 185.
LaTeX Font Info:    Overwriting symbol font `symbols' in version `bold'
(Font)                  OMS/cmsy/b/n --> OMS/ntxsy/m/n on input line 185.
LaTeX Font Info:    Overwriting symbol font `symbols' in version `bold'
(Font)                  OMS/ntxsy/m/n --> OMS/ntxsy/b/n on input line 186.
\symAMSm=\mathgroup7
LaTeX Font Info:    Overwriting symbol font `AMSm' in version `bold'
(Font)                  U/ntxsym/m/n --> U/ntxsym/b/n on input line 206.
\symsymbolsC=\mathgroup8
LaTeX Font Info:    Overwriting symbol font `symbolsC' in version `bold'
(Font)                  U/ntxsyc/m/n --> U/ntxsyc/b/n on input line 227.
LaTeX Font Info:    Redeclaring symbol font `largesymbols' on input line 240.
LaTeX Font Info:    Encoding `OMX' has changed to `LMX' for symbol font
(Font)              `largesymbols' in the math version `normal' on input line 2
40.
LaTeX Font Info:    Overwriting symbol font `largesymbols' in version `normal'
(Font)                  OMX/cmex/m/n --> LMX/ntxexx/m/n on input line 240.
LaTeX Font Info:    Encoding `OMX' has changed to `LMX' for symbol font
(Font)              `largesymbols' in the math version `bold' on input line 240
.
LaTeX Font Info:    Overwriting symbol font `largesymbols' in version `bold'
(Font)                  OMX/cmex/m/n --> LMX/ntxexx/m/n on input line 240.
LaTeX Font Info:    Overwriting symbol font `largesymbols' in version `bold'
(Font)                  LMX/ntxexx/m/n --> LMX/ntxexx/b/n on input line 241.
\symlargesymbolsTXA=\mathgroup9
LaTeX Font Info:    Overwriting symbol font `largesymbolsTXA' in version `bold'

(Font)                  U/ntxexa/m/n --> U/ntxexa/b/n on input line 255.
LaTeX Info: Redefining \not on input line 1638.
)
(/usr/local/texlive/2015/texmf-dist/tex/latex/multirow/multirow.sty
\bigstrutjot=\dimen137
)
(/usr/local/texlive/2015/texmf-dist/tex/latex/titlesec/titlesec.sty
Package: titlesec 2011/12/15 v2.10.0 Sectioning titles
\ttl@box=\box34
\beforetitleunit=\skip51
\aftertitleunit=\skip52
\ttl@plus=\dimen138
\ttl@minus=\dimen139
\ttl@toksa=\toks26
\titlewidth=\dimen140
\titlewidthlast=\dimen141
\titlewidthfirst=\dimen142
)
(/usr/local/texlive/2015/texmf-dist/tex/latex/threeparttable/threeparttable.sty
Package: threeparttable 2003/06/13  v 3.0
\@tempboxb=\box35
) (/usr/local/texlive/2015/texmf-dist/tex/latex/tabu/tabu.sty
Package: tabu 2011/02/26 v2.8 - flexible LaTeX tabulars (FC)
\c@taburow=\count109
\tabu@nbcols=\count110
\tabu@cnt=\count111
\tabu@Xcol=\count112
\tabu@alloc=\count113
\tabu@nested=\count114
\tabu@target=\dimen143
\tabu@spreadtarget=\dimen144
\tabu@naturalX=\dimen145
\tabucolX=\dimen146
\tabu@Xsum=\dimen147
\extrarowdepth=\dimen148
\abovetabulinesep=\dimen149
\belowtabulinesep=\dimen150
\tabustrutrule=\dimen151
\tabu@thebody=\toks27
\tabu@footnotes=\toks28
\tabu@box=\box36
\tabu@arstrutbox=\box37
\tabu@hleads=\box38
\tabu@vleads=\box39
\tabu@cellskip=\skip53
)
(/usr/local/texlive/2015/texmf-dist/tex/latex/booktabs/booktabs.sty
Package: booktabs 2005/04/14 v1.61803 publication quality tables
\heavyrulewidth=\dimen152
\lightrulewidth=\dimen153
\cmidrulewidth=\dimen154
\belowrulesep=\dimen155
\belowbottomsep=\dimen156
\aboverulesep=\dimen157
\abovetopsep=\dimen158
\cmidrulesep=\dimen159
\cmidrulekern=\dimen160
\defaultaddspace=\dimen161
\@cmidla=\count115
\@cmidlb=\count116
\@aboverulesep=\dimen162
\@belowrulesep=\dimen163
\@thisruleclass=\count117
\@lastruleclass=\count118
\@thisrulewidth=\dimen164
)
(/usr/local/texlive/2015/texmf-dist/tex/latex/mathtools/mathtools.sty
Package: mathtools 2015/05/11 v1.16 mathematical typesetting tools

(/usr/local/texlive/2015/texmf-dist/tex/latex/tools/calc.sty
Package: calc 2014/10/28 v4.3 Infix arithmetic (KKT,FJ)
\calc@Acount=\count119
\calc@Bcount=\count120
\calc@Adimen=\dimen165
\calc@Bdimen=\dimen166
\calc@Askip=\skip54
\calc@Bskip=\skip55
LaTeX Info: Redefining \setlength on input line 80.
LaTeX Info: Redefining \addtolength on input line 81.
\calc@Ccount=\count121
\calc@Cskip=\skip56
)
(/usr/local/texlive/2015/texmf-dist/tex/latex/mathtools/mhsetup.sty
Package: mhsetup 2010/01/21 v1.2a programming setup (MH)
)
LaTeX Info: Thecontrolsequence`\('isalreadyrobust on input line 129.
LaTeX Info: Thecontrolsequence`\)'isalreadyrobust on input line 129.
LaTeX Info: Thecontrolsequence`\['isalreadyrobust on input line 129.
LaTeX Info: Thecontrolsequence`\]'isalreadyrobust on input line 129.
\g_MT_multlinerow_int=\count122
\l_MT_multwidth_dim=\dimen167
\origjot=\skip57
\l_MT_shortvdotswithinadjustabove_dim=\dimen168
\l_MT_shortvdotswithinadjustbelow_dim=\dimen169
\l_MT_above_intertext_sep=\dimen170
\l_MT_below_intertext_sep=\dimen171
\l_MT_above_shortintertext_sep=\dimen172
\l_MT_below_shortintertext_sep=\dimen173
)
(/usr/local/texlive/2015/texmf-dist/tex/latex/tools/bm.sty
Package: bm 2014/10/28 v1.1c Bold Symbol Support (DPC/FMi)
\symboldoperators=\mathgroup10
\symboldletters=\mathgroup11
\symboldsymbols=\mathgroup12
\symboldlargesymbols=\mathgroup13
LaTeX Font Info:    Redeclaring math alphabet \mathbf on input line 141.
LaTeX Info: Redefining \bm on input line 207.
)
(/usr/local/texlive/2015/texmf-dist/tex/latex/bbm-macros/bbm.sty
Package: bbm 1999/03/15 V 1.2 provides fonts for set symbols - TH
LaTeX Font Info:    Overwriting math alphabet `\mathbbm' in version `bold'
(Font)                  U/bbm/m/n --> U/bbm/bx/n on input line 33.
LaTeX Font Info:    Overwriting math alphabet `\mathbbmss' in version `bold'
(Font)                  U/bbmss/m/n --> U/bbmss/bx/n on input line 35.
)
(/usr/local/texlive/2015/texmf-dist/tex/latex/caption/subcaption.sty
Package: subcaption 2013/02/03 v1.1-62 Sub-captions (AR)

(/usr/local/texlive/2015/texmf-dist/tex/latex/caption/caption.sty
Package: caption 2013/05/02 v3.3-89 Customizing captions (AR)

(/usr/local/texlive/2015/texmf-dist/tex/latex/caption/caption3.sty
Package: caption3 2013/05/02 v1.6-88 caption3 kernel (AR)
Package caption3 Info: TeX engine: e-TeX on input line 57.
\captionmargin=\dimen174
\captionmargin@=\dimen175
\captionwidth=\dimen176
\caption@tempdima=\dimen177
\caption@indent=\dimen178
\caption@parindent=\dimen179
\caption@hangindent=\dimen180
)
\c@ContinuedFloat=\count123
Package caption Info: threeparttable package is loaded.
)
\c@subfigure=\count124
\c@subtable=\count125
)
(/usr/local/texlive/2015/texmf-dist/tex/latex/tcolorbox/tcolorbox.sty
Package: tcolorbox 2015/05/07 version 3.60 text color boxes

(/usr/local/texlive/2015/texmf-dist/tex/latex/pgf/basiclayer/pgf.sty
(/usr/local/texlive/2015/texmf-dist/tex/latex/pgf/utilities/pgfrcs.sty
(/usr/local/texlive/2015/texmf-dist/tex/generic/pgf/utilities/pgfutil-common.te
x
\pgfutil@everybye=\toks29
\pgfutil@tempdima=\dimen181
\pgfutil@tempdimb=\dimen182

(/usr/local/texlive/2015/texmf-dist/tex/generic/pgf/utilities/pgfutil-common-li
sts.tex))
(/usr/local/texlive/2015/texmf-dist/tex/generic/pgf/utilities/pgfutil-latex.def
\pgfutil@abb=\box40
(/usr/local/texlive/2015/texmf-dist/tex/latex/ms/everyshi.sty
Package: everyshi 2001/05/15 v3.00 EveryShipout Package (MS)
))
(/usr/local/texlive/2015/texmf-dist/tex/generic/pgf/utilities/pgfrcs.code.tex
Package: pgfrcs 2013/12/20 v3.0.0 (rcs-revision 1.28)
))
Package: pgf 2013/12/18 v3.0.0 (rcs-revision 1.14)
(/usr/local/texlive/2015/texmf-dist/tex/latex/pgf/basiclayer/pgfcore.sty
(/usr/local/texlive/2015/texmf-dist/tex/latex/pgf/systemlayer/pgfsys.sty
(/usr/local/texlive/2015/texmf-dist/tex/generic/pgf/systemlayer/pgfsys.code.tex
Package: pgfsys 2013/11/30 v3.0.0 (rcs-revision 1.47)
(/usr/local/texlive/2015/texmf-dist/tex/generic/pgf/utilities/pgfkeys.code.tex
\pgfkeys@pathtoks=\toks30
\pgfkeys@temptoks=\toks31

(/usr/local/texlive/2015/texmf-dist/tex/generic/pgf/utilities/pgfkeysfiltered.c
ode.tex
\pgfkeys@tmptoks=\toks32
))
\pgf@x=\dimen183
\pgf@y=\dimen184
\pgf@xa=\dimen185
\pgf@ya=\dimen186
\pgf@xb=\dimen187
\pgf@yb=\dimen188
\pgf@xc=\dimen189
\pgf@yc=\dimen190
\w@pgf@writea=\write4
\r@pgf@reada=\read1
\c@pgf@counta=\count126
\c@pgf@countb=\count127
\c@pgf@countc=\count128
\c@pgf@countd=\count129
\t@pgf@toka=\toks33
\t@pgf@tokb=\toks34
\t@pgf@tokc=\toks35

(/usr/local/texlive/2015/texmf-dist/tex/generic/pgf/systemlayer/pgf.cfg
File: pgf.cfg 2008/05/14  (rcs-revision 1.7)
)
Driver file for pgf: pgfsys-pdftex.def

(/usr/local/texlive/2015/texmf-dist/tex/generic/pgf/systemlayer/pgfsys-pdftex.d
ef
File: pgfsys-pdftex.def 2013/07/18  (rcs-revision 1.33)

(/usr/local/texlive/2015/texmf-dist/tex/generic/pgf/systemlayer/pgfsys-common-p
df.def
File: pgfsys-common-pdf.def 2013/10/10  (rcs-revision 1.13)
)))
(/usr/local/texlive/2015/texmf-dist/tex/generic/pgf/systemlayer/pgfsyssoftpath.
code.tex
File: pgfsyssoftpath.code.tex 2013/09/09  (rcs-revision 1.9)
\pgfsyssoftpath@smallbuffer@items=\count130
\pgfsyssoftpath@bigbuffer@items=\count131
)
(/usr/local/texlive/2015/texmf-dist/tex/generic/pgf/systemlayer/pgfsysprotocol.
code.tex
File: pgfsysprotocol.code.tex 2006/10/16  (rcs-revision 1.4)
)) (/usr/local/texlive/2015/texmf-dist/tex/latex/xcolor/xcolor.sty
Package: xcolor 2007/01/21 v2.11 LaTeX color extensions (UK)

(/usr/local/texlive/2015/texmf-dist/tex/latex/latexconfig/color.cfg
File: color.cfg 2007/01/18 v1.5 color configuration of teTeX/TeXLive
)
Package xcolor Info: Driver file: pdftex.def on input line 225.
LaTeX Info: Redefining \color on input line 702.
Package xcolor Info: Model `cmy' substituted by `cmy0' on input line 1337.
Package xcolor Info: Model `hsb' substituted by `rgb' on input line 1341.
Package xcolor Info: Model `RGB' extended on input line 1353.
Package xcolor Info: Model `HTML' substituted by `rgb' on input line 1355.
Package xcolor Info: Model `Hsb' substituted by `hsb' on input line 1356.
Package xcolor Info: Model `tHsb' substituted by `hsb' on input line 1357.
Package xcolor Info: Model `HSB' substituted by `hsb' on input line 1358.
Package xcolor Info: Model `Gray' substituted by `gray' on input line 1359.
Package xcolor Info: Model `wave' substituted by `hsb' on input line 1360.
)
(/usr/local/texlive/2015/texmf-dist/tex/generic/pgf/basiclayer/pgfcore.code.tex
Package: pgfcore 2010/04/11 v3.0.0 (rcs-revision 1.7)
(/usr/local/texlive/2015/texmf-dist/tex/generic/pgf/math/pgfmath.code.tex
(/usr/local/texlive/2015/texmf-dist/tex/generic/pgf/math/pgfmathcalc.code.tex
(/usr/local/texlive/2015/texmf-dist/tex/generic/pgf/math/pgfmathutil.code.tex)
(/usr/local/texlive/2015/texmf-dist/tex/generic/pgf/math/pgfmathparser.code.tex
\pgfmath@dimen=\dimen191
\pgfmath@count=\count132
\pgfmath@box=\box41
\pgfmath@toks=\toks36
\pgfmath@stack@operand=\toks37
\pgfmath@stack@operation=\toks38
)
(/usr/local/texlive/2015/texmf-dist/tex/generic/pgf/math/pgfmathfunctions.code.
tex
(/usr/local/texlive/2015/texmf-dist/tex/generic/pgf/math/pgfmathfunctions.basic
.code.tex)
(/usr/local/texlive/2015/texmf-dist/tex/generic/pgf/math/pgfmathfunctions.trigo
nometric.code.tex)
(/usr/local/texlive/2015/texmf-dist/tex/generic/pgf/math/pgfmathfunctions.rando
m.code.tex)
(/usr/local/texlive/2015/texmf-dist/tex/generic/pgf/math/pgfmathfunctions.compa
rison.code.tex)
(/usr/local/texlive/2015/texmf-dist/tex/generic/pgf/math/pgfmathfunctions.base.
code.tex)
(/usr/local/texlive/2015/texmf-dist/tex/generic/pgf/math/pgfmathfunctions.round
.code.tex)
(/usr/local/texlive/2015/texmf-dist/tex/generic/pgf/math/pgfmathfunctions.misc.
code.tex)
(/usr/local/texlive/2015/texmf-dist/tex/generic/pgf/math/pgfmathfunctions.integ
erarithmetics.code.tex)))
(/usr/local/texlive/2015/texmf-dist/tex/generic/pgf/math/pgfmathfloat.code.tex
\c@pgfmathroundto@lastzeros=\count133
))
(/usr/local/texlive/2015/texmf-dist/tex/generic/pgf/basiclayer/pgfcorepoints.co
de.tex
File: pgfcorepoints.code.tex 2013/10/07  (rcs-revision 1.27)
\pgf@picminx=\dimen192
\pgf@picmaxx=\dimen193
\pgf@picminy=\dimen194
\pgf@picmaxy=\dimen195
\pgf@pathminx=\dimen196
\pgf@pathmaxx=\dimen197
\pgf@pathminy=\dimen198
\pgf@pathmaxy=\dimen199
\pgf@xx=\dimen200
\pgf@xy=\dimen201
\pgf@yx=\dimen202
\pgf@yy=\dimen203
\pgf@zx=\dimen204
\pgf@zy=\dimen205
)
(/usr/local/texlive/2015/texmf-dist/tex/generic/pgf/basiclayer/pgfcorepathconst
ruct.code.tex
File: pgfcorepathconstruct.code.tex 2013/10/07  (rcs-revision 1.29)
\pgf@path@lastx=\dimen206
\pgf@path@lasty=\dimen207
)
(/usr/local/texlive/2015/texmf-dist/tex/generic/pgf/basiclayer/pgfcorepathusage
.code.tex
File: pgfcorepathusage.code.tex 2013/12/13  (rcs-revision 1.23)
\pgf@shorten@end@additional=\dimen208
\pgf@shorten@start@additional=\dimen209
)
(/usr/local/texlive/2015/texmf-dist/tex/generic/pgf/basiclayer/pgfcorescopes.co
de.tex
File: pgfcorescopes.code.tex 2013/10/09  (rcs-revision 1.44)
\pgfpic=\box42
\pgf@hbox=\box43
\pgf@layerbox@main=\box44
\pgf@picture@serial@count=\count134
)
(/usr/local/texlive/2015/texmf-dist/tex/generic/pgf/basiclayer/pgfcoregraphicst
ate.code.tex
File: pgfcoregraphicstate.code.tex 2013/09/19  (rcs-revision 1.11)
\pgflinewidth=\dimen210
)
(/usr/local/texlive/2015/texmf-dist/tex/generic/pgf/basiclayer/pgfcoretransform
ations.code.tex
File: pgfcoretransformations.code.tex 2013/10/10  (rcs-revision 1.17)
\pgf@pt@x=\dimen211
\pgf@pt@y=\dimen212
\pgf@pt@temp=\dimen213
)
(/usr/local/texlive/2015/texmf-dist/tex/generic/pgf/basiclayer/pgfcorequick.cod
e.tex
File: pgfcorequick.code.tex 2008/10/09  (rcs-revision 1.3)
)
(/usr/local/texlive/2015/texmf-dist/tex/generic/pgf/basiclayer/pgfcoreobjects.c
ode.tex
File: pgfcoreobjects.code.tex 2006/10/11  (rcs-revision 1.2)
)
(/usr/local/texlive/2015/texmf-dist/tex/generic/pgf/basiclayer/pgfcorepathproce
ssing.code.tex
File: pgfcorepathprocessing.code.tex 2013/09/09  (rcs-revision 1.9)
)
(/usr/local/texlive/2015/texmf-dist/tex/generic/pgf/basiclayer/pgfcorearrows.co
de.tex
File: pgfcorearrows.code.tex 2013/11/07  (rcs-revision 1.40)
\pgfarrowsep=\dimen214
)
(/usr/local/texlive/2015/texmf-dist/tex/generic/pgf/basiclayer/pgfcoreshade.cod
e.tex
File: pgfcoreshade.code.tex 2013/07/15  (rcs-revision 1.15)
\pgf@max=\dimen215
\pgf@sys@shading@range@num=\count135
)
(/usr/local/texlive/2015/texmf-dist/tex/generic/pgf/basiclayer/pgfcoreimage.cod
e.tex
File: pgfcoreimage.code.tex 2013/07/15  (rcs-revision 1.18)

(/usr/local/texlive/2015/texmf-dist/tex/generic/pgf/basiclayer/pgfcoreexternal.
code.tex
File: pgfcoreexternal.code.tex 2013/07/15  (rcs-revision 1.20)
\pgfexternal@startupbox=\box45
))
(/usr/local/texlive/2015/texmf-dist/tex/generic/pgf/basiclayer/pgfcorelayers.co
de.tex
File: pgfcorelayers.code.tex 2013/07/18  (rcs-revision 1.7)
)
(/usr/local/texlive/2015/texmf-dist/tex/generic/pgf/basiclayer/pgfcoretranspare
ncy.code.tex
File: pgfcoretransparency.code.tex 2013/09/30  (rcs-revision 1.5)
)
(/usr/local/texlive/2015/texmf-dist/tex/generic/pgf/basiclayer/pgfcorepatterns.
code.tex
File: pgfcorepatterns.code.tex 2013/11/07  (rcs-revision 1.5)
)))
(/usr/local/texlive/2015/texmf-dist/tex/generic/pgf/modules/pgfmoduleshapes.cod
e.tex
File: pgfmoduleshapes.code.tex 2013/10/31  (rcs-revision 1.34)
\pgfnodeparttextbox=\box46
)
(/usr/local/texlive/2015/texmf-dist/tex/generic/pgf/modules/pgfmoduleplot.code.
tex
File: pgfmoduleplot.code.tex 2013/07/31  (rcs-revision 1.12)
)
(/usr/local/texlive/2015/texmf-dist/tex/latex/pgf/compatibility/pgfcomp-version
-0-65.sty
Package: pgfcomp-version-0-65 2007/07/03 v3.0.0 (rcs-revision 1.7)
\pgf@nodesepstart=\dimen216
\pgf@nodesepend=\dimen217
)
(/usr/local/texlive/2015/texmf-dist/tex/latex/pgf/compatibility/pgfcomp-version
-1-18.sty
Package: pgfcomp-version-1-18 2007/07/23 v3.0.0 (rcs-revision 1.1)
)) (/usr/local/texlive/2015/texmf-dist/tex/latex/tools/verbatim.sty
Package: verbatim 2014/10/28 v1.5q LaTeX2e package for verbatim enhancements
\every@verbatim=\toks39
\verbatim@line=\toks40
\verbatim@in@stream=\read2
)
(/usr/local/texlive/2015/texmf-dist/tex/latex/environ/environ.sty
Package: environ 2014/05/04 v0.3 A new way to define environments

(/usr/local/texlive/2015/texmf-dist/tex/latex/trimspaces/trimspaces.sty
Package: trimspaces 2009/09/17 v1.1 Trim spaces around a token list
))
(/usr/local/texlive/2015/texmf-dist/tex/latex/etoolbox/etoolbox.sty
Package: etoolbox 2015/05/04 v2.2 e-TeX tools for LaTeX (JAW)
\etb@tempcnta=\count136
)
\tcb@titlebox=\box47
\tcb@upperbox=\box48
\tcb@lowerbox=\box49
\tcb@phantombox=\box50
\c@tcbbreakpart=\count137
\c@tcblayer=\count138
\tcb@temp=\box51
\tcb@temp=\box52
\tcb@temp=\box53
\tcb@temp=\box54
\tcb@out=\write5
\tcb@record@out=\write6
)
(/usr/local/texlive/2015/texmf-dist/tex/latex/jknapltx/mathrsfs.sty
Package: mathrsfs 1996/01/01 Math RSFS package v1.0 (jk)
\symrsfs=\mathgroup14
)
(/usr/local/texlive/2015/texmf-dist/tex/latex/float/float.sty
Package: float 2001/11/08 v1.3d Float enhancements (AL)
\c@float@type=\count139
\float@exts=\toks41
\float@box=\box55
\@float@everytoks=\toks42
\@floatcapt=\box56
)
(/usr/local/texlive/2015/texmf-dist/tex/latex/tools/afterpage.sty
Package: afterpage 2014/10/28 v1.08 After-Page Package (DPC)
\AP@output=\toks43
\AP@partial=\box57
\AP@footins=\box58
)
(/usr/local/texlive/2015/texmf-dist/tex/latex/url/url.sty
\Urlmuskip=\muskip11
Package: url 2013/09/16  ver 3.4  Verb mode for urls, etc.
)
(/usr/local/texlive/2015/texmf-dist/tex/latex/hyperref/hyperref.sty
Package: hyperref 2012/11/06 v6.83m Hypertext links for LaTeX

(/usr/local/texlive/2015/texmf-dist/tex/generic/oberdiek/hobsub-hyperref.sty
Package: hobsub-hyperref 2012/05/28 v1.13 Bundle oberdiek, subset hyperref (HO)


(/usr/local/texlive/2015/texmf-dist/tex/generic/oberdiek/hobsub-generic.sty
Package: hobsub-generic 2012/05/28 v1.13 Bundle oberdiek, subset generic (HO)
Package: hobsub 2012/05/28 v1.13 Construct package bundles (HO)
Package hobsub Info: Skipping package `infwarerr' (already loaded).
Package hobsub Info: Skipping package `ltxcmds' (already loaded).
Package hobsub Info: Skipping package `ifluatex' (already loaded).
Package hobsub Info: Skipping package `ifvtex' (already loaded).
Package: intcalc 2007/09/27 v1.1 Expandable calculations with integers (HO)
Package hobsub Info: Skipping package `ifpdf' (already loaded).
Package: etexcmds 2011/02/16 v1.5 Avoid name clashes with e-TeX commands (HO)
Package etexcmds Info: Could not find \expanded.
(etexcmds)             That can mean that you are not using pdfTeX 1.50 or
(etexcmds)             that some package has redefined \expanded.
(etexcmds)             In the latter case, load this package earlier.
Package: kvsetkeys 2012/04/25 v1.16 Key value parser (HO)
Package: kvdefinekeys 2011/04/07 v1.3 Define keys (HO)
Package: pdftexcmds 2011/11/29 v0.20 Utility functions of pdfTeX for LuaTeX (HO
)
Package pdftexcmds Info: LuaTeX not detected.
Package pdftexcmds Info: \pdf@primitive is available.
Package pdftexcmds Info: \pdf@ifprimitive is available.
Package pdftexcmds Info: \pdfdraftmode found.
Package: pdfescape 2011/11/25 v1.13 Implements pdfTeX's escape features (HO)
Package: bigintcalc 2012/04/08 v1.3 Expandable calculations on big integers (HO
)
Package: bitset 2011/01/30 v1.1 Handle bit-vector datatype (HO)
Package: uniquecounter 2011/01/30 v1.2 Provide unlimited unique counter (HO)
)
Package hobsub Info: Skipping package `hobsub' (already loaded).
Package: letltxmacro 2010/09/02 v1.4 Let assignment for LaTeX macros (HO)
Package: hopatch 2012/05/28 v1.2 Wrapper for package hooks (HO)
Package: xcolor-patch 2011/01/30 xcolor patch
Package: atveryend 2011/06/30 v1.8 Hooks at the very end of document (HO)
Package: atbegshi 2011/10/05 v1.16 At begin shipout hook (HO)
Package: refcount 2011/10/16 v3.4 Data extraction from label references (HO)
Package: hycolor 2011/01/30 v1.7 Color options for hyperref/bookmark (HO)
)
(/usr/local/texlive/2015/texmf-dist/tex/latex/oberdiek/auxhook.sty
Package: auxhook 2011/03/04 v1.3 Hooks for auxiliary files (HO)
)
(/usr/local/texlive/2015/texmf-dist/tex/latex/oberdiek/kvoptions.sty
Package: kvoptions 2011/06/30 v3.11 Key value format for package options (HO)
)
\@linkdim=\dimen218
\Hy@linkcounter=\count140
\Hy@pagecounter=\count141

(/usr/local/texlive/2015/texmf-dist/tex/latex/hyperref/pd1enc.def
File: pd1enc.def 2012/11/06 v6.83m Hyperref: PDFDocEncoding definition (HO)
)
\Hy@SavedSpaceFactor=\count142

(/usr/local/texlive/2015/texmf-dist/tex/latex/latexconfig/hyperref.cfg
File: hyperref.cfg 2002/06/06 v1.2 hyperref configuration of TeXLive
)
Package hyperref Info: Option `draft' set `true' on input line 4319.
Package hyperref Info: Hyper figures OFF on input line 4443.
Package hyperref Info: Link nesting OFF on input line 4448.
Package hyperref Info: Hyper index ON on input line 4451.
Package hyperref Info: Plain pages OFF on input line 4458.
Package hyperref Info: Backreferencing OFF on input line 4463.
Package hyperref Info: Implicit mode ON; LaTeX internals redefined.
Package hyperref Info: Bookmarks ON on input line 4688.
\c@Hy@tempcnt=\count143
LaTeX Info: Redefining \url on input line 5041.
\XeTeXLinkMargin=\dimen219
\Fld@menulength=\count144
\Field@Width=\dimen220
\Fld@charsize=\dimen221
Package hyperref Info: Hyper figures OFF on input line 6295.
Package hyperref Info: Link nesting OFF on input line 6300.
Package hyperref Info: Hyper index ON on input line 6303.
Package hyperref Info: backreferencing OFF on input line 6310.
Package hyperref Info: Link coloring OFF on input line 6315.
Package hyperref Info: Link coloring with OCG OFF on input line 6320.
Package hyperref Info: PDF/A mode OFF on input line 6325.
LaTeX Info: Redefining \ref on input line 6365.
LaTeX Info: Redefining \pageref on input line 6369.
\Hy@abspage=\count145
\c@Item=\count146
\c@Hfootnote=\count147
)

Package hyperref Message: Driver (autodetected): hpdftex.

(/usr/local/texlive/2015/texmf-dist/tex/latex/hyperref/hpdftex.def
File: hpdftex.def 2012/11/06 v6.83m Hyperref driver for pdfTeX
\Fld@listcount=\count148
\c@bookmark@seq@number=\count149

(/usr/local/texlive/2015/texmf-dist/tex/latex/oberdiek/rerunfilecheck.sty
Package: rerunfilecheck 2011/04/15 v1.7 Rerun checks for auxiliary files (HO)
Package uniquecounter Info: New unique counter `rerunfilecheck' on input line 2
82.
)
\Hy@SectionHShift=\skip58
)
(/usr/local/texlive/2015/texmf-dist/tex/latex/footmisc/footmisc.sty
Package: footmisc 2011/06/06 v5.5b a miscellany of footnote facilities
\FN@temptoken=\toks44
\footnotemargin=\dimen222
\c@pp@next@reset=\count150
Package footmisc Info: Declaring symbol style bringhurst on input line 855.
Package footmisc Info: Declaring symbol style chicago on input line 863.
Package footmisc Info: Declaring symbol style wiley on input line 872.
Package footmisc Info: Declaring symbol style lamport-robust on input line 883.

Package footmisc Info: Declaring symbol style lamport* on input line 903.
Package footmisc Info: Declaring symbol style lamport*-robust on input line 924
.
)
(./microcredit_bils_wjv.aux)
\openout1 = `microcredit_bils_wjv.aux'.

LaTeX Font Info:    Checking defaults for OML/ntxmi/m/it on input line 47.
LaTeX Font Info:    Try loading font information for OML+ntxmi on input line 47
.

(/usr/local/texlive/2015/texmf-dist/tex/latex/newtx/omlntxmi.fd
File: omlntxmi.fd 2012/03/22 Fontinst v1.933 font definitions for OML/ntxmi.
)
LaTeX Font Info:    ... okay on input line 47.
LaTeX Font Info:    Checking defaults for T1/cmr/m/n on input line 47.
LaTeX Font Info:    ... okay on input line 47.
LaTeX Font Info:    Checking defaults for OT1/cmr/m/n on input line 47.
LaTeX Font Info:    ... okay on input line 47.
LaTeX Font Info:    Checking defaults for OMS/ntxsy/m/n on input line 47.
LaTeX Font Info:    Try loading font information for OMS+ntxsy on input line 47
.

(/usr/local/texlive/2015/texmf-dist/tex/latex/newtx/omsntxsy.fd
File: omsntxsy.fd 2012/11/14 Fontinst v1.933 font definitions for OMS/ntxsy.
)
LaTeX Font Info:    ... okay on input line 47.
LaTeX Font Info:    Checking defaults for OMX/cmex/m/n on input line 47.
LaTeX Font Info:    ... okay on input line 47.
LaTeX Font Info:    Checking defaults for U/ntxexa/m/n on input line 47.
LaTeX Font Info:    Try loading font information for U+ntxexa on input line 47.


(/usr/local/texlive/2015/texmf-dist/tex/latex/newtx/untxexa.fd
File: untxexa.fd 2012/04/16 Fontinst v1.933 font definitions for U/ntxexa.
)
LaTeX Font Info:    ... okay on input line 47.
LaTeX Font Info:    Checking defaults for LMX/ntxexx/m/n on input line 47.
LaTeX Font Info:    ... okay on input line 47.
LaTeX Font Info:    Checking defaults for PD1/pdf/m/n on input line 47.
LaTeX Font Info:    ... okay on input line 47.
LaTeX Font Info:    Try loading font information for OT1+ppl on input line 47.

(/usr/local/texlive/2015/texmf-dist/tex/latex/psnfss/ot1ppl.fd
File: ot1ppl.fd 2001/06/04 font definitions for OT1/ppl.
)
*geometry* driver: auto-detecting
*geometry* detected driver: pdftex
*geometry* verbose mode - [ preamble ] result:
* driver: pdftex
* paper: <default>
* layout: <same size as paper>
* layoutoffset:(h,v)=(0.0pt,0.0pt)
* modes: 
* h-part:(L,W,R)=(79.49744pt, 455.30013pt, 79.49744pt)
* v-part:(T,H,B)=(72.26999pt, 650.43001pt, 72.26999pt)
* \paperwidth=614.295pt
* \paperheight=794.96999pt
* \textwidth=455.30013pt
* \textheight=650.43001pt
* \oddsidemargin=7.22745pt
* \evensidemargin=7.22745pt
* \topmargin=-37.0pt
* \headheight=12.0pt
* \headsep=25.0pt
* \topskip=12.0pt
* \footskip=30.0pt
* \marginparwidth=44.0pt
* \marginparsep=10.0pt
* \columnsep=10.0pt
* \skip\footins=10.8pt plus 4.0pt minus 2.0pt
* \hoffset=0.0pt
* \voffset=0.0pt
* \mag=1000
* \@twocolumnfalse
* \@twosidefalse
* \@mparswitchfalse
* \@reversemarginfalse
* (1in=72.27pt=25.4mm, 1cm=28.453pt)

(/usr/local/texlive/2015/texmf-dist/tex/context/base/supp-pdf.mkii
[Loading MPS to PDF converter (version 2006.09.02).]
\scratchcounter=\count151
\scratchdimen=\dimen223
\scratchbox=\box59
\nofMPsegments=\count152
\nofMParguments=\count153
\everyMPshowfont=\toks45
\MPscratchCnt=\count154
\MPscratchDim=\dimen224
\MPnumerator=\count155
\makeMPintoPDFobject=\count156
\everyMPtoPDFconversion=\toks46
) (/usr/local/texlive/2015/texmf-dist/tex/latex/oberdiek/epstopdf-base.sty
Package: epstopdf-base 2010/02/09 v2.5 Base part for package epstopdf

(/usr/local/texlive/2015/texmf-dist/tex/latex/oberdiek/grfext.sty
Package: grfext 2010/08/19 v1.1 Manage graphics extensions (HO)
)
Package grfext Info: Graphics extension search list:
(grfext)             [.png,.pdf,.jpg,.mps,.jpeg,.jbig2,.jb2,.PNG,.PDF,.JPG,.JPE
G,.JBIG2,.JB2,.eps]
(grfext)             \AppendGraphicsExtensions on input line 452.

(/usr/local/texlive/2015/texmf-dist/tex/latex/latexconfig/epstopdf-sys.cfg
File: epstopdf-sys.cfg 2010/07/13 v1.3 Configuration of (r)epstopdf for TeX Liv
e
))
Package caption Info: Begin \AtBeginDocument code.
Package caption Info: float package is loaded.
Package caption Info: hyperref package is loaded.
Package caption Info: End \AtBeginDocument code.

ABD: EveryShipout initializing macros
\AtBeginShipoutBox=\box60


Package hyperref Warning: Draft mode on.

Package hyperref Info: Link coloring OFF on input line 47.
(/usr/local/texlive/2015/texmf-dist/tex/latex/hyperref/nameref.sty
Package: nameref 2012/10/27 v2.43 Cross-referencing by name of section

(/usr/local/texlive/2015/texmf-dist/tex/generic/oberdiek/gettitlestring.sty
Package: gettitlestring 2010/12/03 v1.4 Cleanup title references (HO)
)
\c@section@level=\count157
)
LaTeX Info: Redefining \ref on input line 47.
LaTeX Info: Redefining \pageref on input line 47.
LaTeX Info: Redefining \nameref on input line 47.
LaTeX Font Info:    Try loading font information for U+msa on input line 59.

(/usr/local/texlive/2015/texmf-dist/tex/latex/amsfonts/umsa.fd
File: umsa.fd 2013/01/14 v3.01 AMS symbols A
)
LaTeX Font Info:    Try loading font information for U+msb on input line 59.

(/usr/local/texlive/2015/texmf-dist/tex/latex/amsfonts/umsb.fd
File: umsb.fd 2013/01/14 v3.01 AMS symbols B
)
LaTeX Font Info:    Try loading font information for U+ntxmia on input line 59.


(/usr/local/texlive/2015/texmf-dist/tex/latex/newtx/untxmia.fd
File: untxmia.fd 2012/04/16 Fontinst v1.933 font definitions for U/ntxmia.
)
LaTeX Font Info:    Try loading font information for U+ntxsym on input line 59.


(/usr/local/texlive/2015/texmf-dist/tex/latex/newtx/untxsym.fd
File: untxsym.fd 2015/03/20 Fontinst v1.933 font definitions for U/ntxsym.
)
LaTeX Font Info:    Try loading font information for U+ntxsyc on input line 59.


(/usr/local/texlive/2015/texmf-dist/tex/latex/newtx/untxsyc.fd
File: untxsyc.fd 2012/04/12 Fontinst v1.933 font definitions for U/ntxsyc.
)
LaTeX Font Info:    Try loading font information for U+rsfs on input line 59.

(/usr/local/texlive/2015/texmf-dist/tex/latex/jknapltx/ursfs.fd
File: ursfs.fd 1998/03/24 rsfs font definition file (jk)
)

LaTeX Font Warning: Font shape `U/rsfs/m/n' in size <10.5> not available
(Font)              size <10.95> substituted on input line 59.

LaTeX Font Info:    Try loading font information for OMS+ppl on input line 59.
(/usr/local/texlive/2015/texmf-dist/tex/latex/psnfss/omsppl.fd
File: omsppl.fd 
)
LaTeX Font Info:    Font shape `OMS/ppl/m/n' in size <10.5> not available
(Font)              Font shape `OMS/cmsy/m/n' tried instead on input line 59.


LaTeX Font Warning: Font shape `OMS/cmsy/m/n' in size <10.5> not available
(Font)              size <10.95> substituted on input line 59.


LaTeX Font Warning: Font shape `U/rsfs/m/n' in size <5.5> not available
(Font)              size <5> substituted on input line 59.

LaTeX Font Info:    Font shape `OMS/ppl/m/n' in size <7.3> not available
(Font)              Font shape `OMS/cmsy/m/n' tried instead on input line 59.
LaTeX Font Info:    Font shape `OT1/ppl/bx/n' in size <10.95> not available
(Font)              Font shape `OT1/ppl/b/n' tried instead on input line 59.
(./tables/U_nl_per.tex) [0

{/usr/local/texlive/2015/texmf-var/fonts/map/pdftex/updmap/pdftex.map}]
LaTeX Font Info:    Font shape `OT1/ppl/bx/n' in size <14.4> not available
(Font)              Font shape `OT1/ppl/b/n' tried instead on input line 100.
LaTeX Font Info:    Font shape `OT1/ppl/bx/n' in size <12> not available
(Font)              Font shape `OT1/ppl/b/n' tried instead on input line 102.


Package natbib Warning: Citation `morduch1995income' on page 1 undefined on inp
ut line 102.


Package natbib Warning: Citation `banerjee2007economic' on page 1 undefined on 
input line 102.

LaTeX Font Info:    Font shape `OT1/ppl/bx/n' in size <10> not available
(Font)              Font shape `OT1/ppl/b/n' tried instead on input line 102.

Package natbib Warning: Citation `komives2006distributional' on page 1 undefine
d on input line 102.


Package natbib Warning: Citation `jack2016borrowing' on page 1 undefined on inp
ut line 104.


Package natbib Warning: Citation `jack2014risk' on page 1 undefined on input li
ne 104.


Package natbib Warning: Citation `laffont2005regulation' on page 1 undefined on
 input line 104.


Package natbib Warning: Citation `kojima2016making' on page 1 undefined on inpu
t line 106.


Package natbib Warning: Citation `heymans2014limits' on page 1 undefined on inp
ut line 106.


Package natbib Warning: Citation `jack2016charging' on page 1 undefined on inpu
t line 106.

[1] (./tables/U_nl_abs.tex) (./tables/U_nl_abs_usd.tex) (./tables/U_nl_per.tex)

Overfull \hbox (6.67036pt too wide) in paragraph at lines 112--113
\OT1/ppl/m/n/12 (hold-ing all else equal), con-sumer wel-fare drops by 52.4 PhP
 (or 1.2 USD) per household-
 []


Package natbib Warning: Citation `laffont2005regulation' on page 2 undefined on
 input line 114.

(./tables/U_ppe_abs.tex) (./tables/U_ppe_abs_usd.tex) (./tables/U_pp_abs.tex)
(./tables/U_pp_abs_usd.tex) (./tables/U_ppe_abs_usd_per.tex)
(./tables/U_pp_abs_usd_per.tex) [2]

Package natbib Warning: Citation `mcrae2015infrastructure' on page 3 undefined 
on input line 118.


Package natbib Warning: Citation `szabo2015value' on page 3 undefined on input 
line 118.


Package natbib Warning: Citation `jack2016charging' on page 3 undefined on inpu
t line 118.


Package natbib Warning: Citation `jack2015pay' on page 3 undefined on input lin
e 118.


Package natbib Warning: Citation `szabo2015reducing' on page 3 undefined on inp
ut line 118.


Package natbib Warning: Citation `morduch1999microfinance' on page 3 undefined 
on input line 118.


Package natbib Warning: Citation `morduch1995income' on page 3 undefined on inp
ut line 118.


Package natbib Warning: Citation `cull2009microfinance' on page 3 undefined on 
input line 118.


Package natbib Warning: Citation `dupas2013savings' on page 3 undefined on inpu
t line 118.


Package natbib Warning: Citation `jack2016borrowing' on page 3 undefined on inp
ut line 118.


Package natbib Warning: Citation `karlan2009expanding' on page 3 undefined on i
nput line 118.


Package natbib Warning: Citation `gine2014group' on page 3 undefined on input l
ine 118.


Package natbib Warning: Citation `deaton1991saving' on page 3 undefined on inpu
t line 118.


Package natbib Warning: Citation `gourinchas2002consumption' on page 3 undefine
d on input line 118.


Package natbib Warning: Citation `laibson2007estimating' on page 3 undefined on
 input line 118.


LaTeX Warning: Reference `section:model' on page 3 undefined on input line 120.



LaTeX Warning: Reference `section:estimation' on page 3 undefined on input line
 120.


LaTeX Warning: Reference `section:counterfactuals' on page 3 undefined on input
 line 120.


LaTeX Warning: Reference `section:conclusion' on page 3 undefined on input line
 120.


Overfull \hbox (5.1708pt too wide) in paragraph at lines 126--127
\OT1/ppl/m/n/12 Measuring credit through de-layed wa-ter bill pay-ments re-quir
es in-for-ma-tion on monthly
 []


Overfull \hbox (1.77461pt too wide) in paragraph at lines 126--127
\OT1/ppl/m/n/12 ge-o-graphic half of Metro Manila. This util-ity pro-vided ac-c
ess to monthly billing records
 []


Overfull \hbox (5.53192pt too wide) in paragraph at lines 126--127
\OT1/ppl/m/n/12 Over this time-frame, the to-tal num-ber of con-nec-tions in-cr
eased from 900,000 to 1,500,000
 []

[3]

Package natbib Warning: Citation `wjv' on page 4 undefined on input line 130.


Package natbib Warning: Citation `wjv' on page 4 undefined on input line 130.


LaTeX Warning: Reference `table:sampleconstruction' on page 4 undefined on inpu
t line 130.


LaTeX Warning: Reference `appendix:sampleconstruction' on page 4 undefined on i
nput line 130.

(./tables/descriptives_all.tex) (./tables/total_hhs_all.tex)
(./tables/obs_per_hh_all.tex) (./tables/total_obs_all.tex)
LaTeX Font Info:    Font shape `OT1/ppl/bx/n' in size <8> not available
(Font)              Font shape `OT1/ppl/b/n' tried instead on input line 153.


LaTeX Warning: Reference `appendix:sampleconstruction' on page 4 undefined on i
nput line 153.


LaTeX Warning: `!h' float specifier changed to `!ht'.

[4] (./tables/center.tex) (./tables/maynilad.tex) (./tables/atm.tex)
(./tables/days_delinquent_all.tex) (./tables/bill_all.tex)
(./tables/pay_size_all.tex) (./tables/pay_freq.tex) (./tables/balance_all.tex)
(./tables/y_avg.tex) (./tables/save_avg.tex) (./tables/balance_inc.tex)
(./tables/balance_save.tex)

Package natbib Warning: Citation `cull2009microfinance' on page 5 undefined on 
input line 161.

(./tables/balance_inc_20_all.tex) [5] (./tables/disc_notice.tex)
(./tables/disc_count.tex) (./tables/tcd_id_mean.tex)
(./tables/tcd_id_ar_cond.tex)

LaTeX Warning: Reference `figure:dc_hazard' on page 6 undefined on input line 1
63.


LaTeX Warning: Reference `table:tcd_predict' on page 6 undefined on input line 
163.

(./tables/days_pay_under_30.tex) (./tables/days_pay_average.tex)
(./tables/enough_time.tex) (./tables/days_rec_average.tex)
<tables/connected_visit_hazard_all.pdf, id=29, 397.485pt x 289.08pt>
File: tables/connected_visit_hazard_all.pdf Graphic file (type pdf)

<use tables/connected_visit_hazard_all.pdf>
Package pdftex.def Info: tables/connected_visit_hazard_all.pdf used on input li
ne 170.
(pdftex.def)             Requested size: 278.2376pt x 202.35461pt.
 (./tables/descriptives_3_groups.tex)
! Misplaced \noalign.
\bottomrule ->\noalign 
                       {\ifnum 0=`}\fi \@aboverulesep =\aboverulesep \global...
l.183 \bottomrule
                 
I expect to see \noalign only after the \cr of
an alignment. Proceed, and I'll ignore this case.

! Missing } inserted.
<inserted text> 
                }
l.184 \multicolumn
                  {4}{l}{\scriptsize ``Never Visited'' includes HHs that nev...
I've inserted something that you may have forgotten.
(See the <inserted text> above.)
With luck, this will get me unwedged. But if you
really didn't forget anything, try typing `2' now; then
my insertion and my current dilemma will both disappear.

! Missing \endgroup inserted.
<inserted text> 
                \endgroup 
l.184 \multicolumn
                  {4}{l}{\scriptsize ``Never Visited'' includes HHs that nev...
I've inserted something that you may have forgotten.
(See the <inserted text> above.)
With luck, this will get me unwedged. But if you
really didn't forget anything, try typing `2' now; then
my insertion and my current dilemma will both disappear.

! Missing } inserted.
<inserted text> 
                }
l.184 \multicolumn
                  {4}{l}{\scriptsize ``Never Visited'' includes HHs that nev...
I've inserted something that you may have forgotten.
(See the <inserted text> above.)
With luck, this will get me unwedged. But if you
really didn't forget anything, try typing `2' now; then
my insertion and my current dilemma will both disappear.

! Missing \cr inserted.
<inserted text> 
                \cr 
l.184 \multicolumn
                  {4}{l}{\scriptsize ``Never Visited'' includes HHs that nev...
I'm guessing that you meant to end an alignment here.

! Missing } inserted.
<inserted text> 
                }
l.184 \multicolumn
                  {4}{l}{\scriptsize ``Never Visited'' includes HHs that nev...
I've inserted something that you may have forgotten.
(See the <inserted text> above.)
With luck, this will get me unwedged. But if you
really didn't forget anything, try typing `2' now; then
my insertion and my current dilemma will both disappear.

! Missing \cr inserted.
<inserted text> 
                \cr 
l.184 \multicolumn
                  {4}{l}{\scriptsize ``Never Visited'' includes HHs that nev...
I'm guessing that you meant to end an alignment here.

! Misplaced \cr.
<inserted text> \cr 
                    
l.184 \multicolumn
                  {4}{l}{\scriptsize ``Never Visited'' includes HHs that nev...
I can't figure out why you would want to use a tab mark
or \cr or \span just now. If something like a right brace
up above has ended a previous alignment prematurely,
you're probably due for more error messages, and you
might try typing `S' now just to see what is salvageable.

! Missing \cr inserted.
<inserted text> 
                \cr 
l.184 \multicolumn
                  {4}{l}{\scriptsize ``Never Visited'' includes HHs that nev...
I'm guessing that you meant to end an alignment here.

! Misplaced \cr.
<inserted text> \cr 
                    
l.184 \multicolumn
                  {4}{l}{\scriptsize ``Never Visited'' includes HHs that nev...
I can't figure out why you would want to use a tab mark
or \cr or \span just now. If something like a right brace
up above has ended a previous alignment prematurely,
you're probably due for more error messages, and you
might try typing `S' now just to see what is salvageable.

! Missing \cr inserted.
<inserted text> 
                \cr 
l.184 \multicolumn
                  {4}{l}{\scriptsize ``Never Visited'' includes HHs that nev...
I'm guessing that you meant to end an alignment here.

! Misplaced \cr.
<inserted text> \cr 
                    
l.184 \multicolumn
                  {4}{l}{\scriptsize ``Never Visited'' includes HHs that nev...
I can't figure out why you would want to use a tab mark
or \cr or \span just now. If something like a right brace
up above has ended a previous alignment prematurely,
you're probably due for more error messages, and you
might try typing `S' now just to see what is salvageable.

! Missing \cr inserted.
<inserted text> 
                \cr 
l.184 \multicolumn
                  {4}{l}{\scriptsize ``Never Visited'' includes HHs that nev...
I'm guessing that you meant to end an alignment here.

! Misplaced \cr.
<inserted text> \cr 
                    
l.184 \multicolumn
                  {4}{l}{\scriptsize ``Never Visited'' includes HHs that nev...
I can't figure out why you would want to use a tab mark
or \cr or \span just now. If something like a right brace
up above has ended a previous alignment prematurely,
you're probably due for more error messages, and you
might try typing `S' now just to see what is salvageable.

! Missing \cr inserted.
<inserted text> 
                \cr 
l.184 \multicolumn
                  {4}{l}{\scriptsize ``Never Visited'' includes HHs that nev...
I'm guessing that you meant to end an alignment here.

! Misplaced \cr.
<inserted text> \cr 
                    
l.184 \multicolumn
                  {4}{l}{\scriptsize ``Never Visited'' includes HHs that nev...
I can't figure out why you would want to use a tab mark
or \cr or \span just now. If something like a right brace
up above has ended a previous alignment prematurely,
you're probably due for more error messages, and you
might try typing `S' now just to see what is salvageable.

! Missing \cr inserted.
<inserted text> 
                \cr 
l.184 \multicolumn
                  {4}{l}{\scriptsize ``Never Visited'' includes HHs that nev...
I'm guessing that you meant to end an alignment here.

! Misplaced \cr.
<inserted text> \cr 
                    
l.184 \multicolumn
                  {4}{l}{\scriptsize ``Never Visited'' includes HHs that nev...
I can't figure out why you would want to use a tab mark
or \cr or \span just now. If something like a right brace
up above has ended a previous alignment prematurely,
you're probably due for more error messages, and you
might try typing `S' now just to see what is salvageable.

! Missing \cr inserted.
<inserted text> 
                \cr 
l.184 \multicolumn
                  {4}{l}{\scriptsize ``Never Visited'' includes HHs that nev...
I'm guessing that you meant to end an alignment here.

! Misplaced \cr.
<inserted text> \cr 
                    
l.184 \multicolumn
                  {4}{l}{\scriptsize ``Never Visited'' includes HHs that nev...
I can't figure out why you would want to use a tab mark
or \cr or \span just now. If something like a right brace
up above has ended a previous alignment prematurely,
you're probably due for more error messages, and you
might try typing `S' now just to see what is salvageable.

! Missing \cr inserted.
<inserted text> 
                \cr 
l.184 \multicolumn
                  {4}{l}{\scriptsize ``Never Visited'' includes HHs that nev...
I'm guessing that you meant to end an alignment here.

! Misplaced \cr.
<inserted text> \cr 
                    
l.184 \multicolumn
                  {4}{l}{\scriptsize ``Never Visited'' includes HHs that nev...
I can't figure out why you would want to use a tab mark
or \cr or \span just now. If something like a right brace
up above has ended a previous alignment prematurely,
you're probably due for more error messages, and you
might try typing `S' now just to see what is salvageable.

! Missing \cr inserted.
<inserted text> 
                \cr 
l.184 \multicolumn
                  {4}{l}{\scriptsize ``Never Visited'' includes HHs that nev...
I'm guessing that you meant to end an alignment here.

! Misplaced \cr.
<inserted text> \cr 
                    
l.184 \multicolumn
                  {4}{l}{\scriptsize ``Never Visited'' includes HHs that nev...
I can't figure out why you would want to use a tab mark
or \cr or \span just now. If something like a right brace
up above has ended a previous alignment prematurely,
you're probably due for more error messages, and you
might try typing `S' now just to see what is salvageable.

! Missing \cr inserted.
<inserted text> 
                \cr 
l.184 \multicolumn
                  {4}{l}{\scriptsize ``Never Visited'' includes HHs that nev...
I'm guessing that you meant to end an alignment here.

! Misplaced \cr.
<inserted text> \cr 
                    
l.184 \multicolumn
                  {4}{l}{\scriptsize ``Never Visited'' includes HHs that nev...
I can't figure out why you would want to use a tab mark
or \cr or \span just now. If something like a right brace
up above has ended a previous alignment prematurely,
you're probably due for more error messages, and you
might try typing `S' now just to see what is salvageable.

! Missing \cr inserted.
<inserted text> 
                \cr 
l.184 \multicolumn
                  {4}{l}{\scriptsize ``Never Visited'' includes HHs that nev...
I'm guessing that you meant to end an alignment here.

! Misplaced \cr.
<inserted text> \cr 
                    
l.184 \multicolumn
                  {4}{l}{\scriptsize ``Never Visited'' includes HHs that nev...
I can't figure out why you would want to use a tab mark
or \cr or \span just now. If something like a right brace
up above has ended a previous alignment prematurely,
you're probably due for more error messages, and you
might try typing `S' now just to see what is salvageable.

! Missing \cr inserted.
<inserted text> 
                \cr 
l.184 \multicolumn
                  {4}{l}{\scriptsize ``Never Visited'' includes HHs that nev...
I'm guessing that you meant to end an alignment here.

! Misplaced \cr.
<inserted text> \cr 
                    
l.184 \multicolumn
                  {4}{l}{\scriptsize ``Never Visited'' includes HHs that nev...
I can't figure out why you would want to use a tab mark
or \cr or \span just now. If something like a right brace
up above has ended a previous alignment prematurely,
you're probably due for more error messages, and you
might try typing `S' now just to see what is salvageable.

! Missing \cr inserted.
<inserted text> 
                \cr 
l.184 \multicolumn
                  {4}{l}{\scriptsize ``Never Visited'' includes HHs that nev...
I'm guessing that you meant to end an alignment here.

! Misplaced \cr.
<inserted text> \cr 
                    
l.184 \multicolumn
                  {4}{l}{\scriptsize ``Never Visited'' includes HHs that nev...
I can't figure out why you would want to use a tab mark
or \cr or \span just now. If something like a right brace
up above has ended a previous alignment prematurely,
you're probably due for more error messages, and you
might try typing `S' now just to see what is salvageable.

! Missing \cr inserted.
<inserted text> 
                \cr 
l.184 \multicolumn
                  {4}{l}{\scriptsize ``Never Visited'' includes HHs that nev...
I'm guessing that you meant to end an alignment here.

! Misplaced \cr.
<inserted text> \cr 
                    
l.184 \multicolumn
                  {4}{l}{\scriptsize ``Never Visited'' includes HHs that nev...
I can't figure out why you would want to use a tab mark
or \cr or \span just now. If something like a right brace
up above has ended a previous alignment prematurely,
you're probably due for more error messages, and you
might try typing `S' now just to see what is salvageable.

! Missing \cr inserted.
<inserted text> 
                \cr 
l.184 \multicolumn
                  {4}{l}{\scriptsize ``Never Visited'' includes HHs that nev...
I'm guessing that you meant to end an alignment here.

! Misplaced \cr.
<inserted text> \cr 
                    
l.184 \multicolumn
                  {4}{l}{\scriptsize ``Never Visited'' includes HHs that nev...
I can't figure out why you would want to use a tab mark
or \cr or \span just now. If something like a right brace
up above has ended a previous alignment prematurely,
you're probably due for more error messages, and you
might try typing `S' now just to see what is salvageable.

! Missing \cr inserted.
<inserted text> 
                \cr 
l.184 \multicolumn
                  {4}{l}{\scriptsize ``Never Visited'' includes HHs that nev...
I'm guessing that you meant to end an alignment here.

! Misplaced \cr.
<inserted text> \cr 
                    
l.184 \multicolumn
                  {4}{l}{\scriptsize ``Never Visited'' includes HHs that nev...
I can't figure out why you would want to use a tab mark
or \cr or \span just now. If something like a right brace
up above has ended a previous alignment prematurely,
you're probably due for more error messages, and you
might try typing `S' now just to see what is salvageable.

! Missing \cr inserted.
<inserted text> 
                \cr 
l.184 \multicolumn
                  {4}{l}{\scriptsize ``Never Visited'' includes HHs that nev...
I'm guessing that you meant to end an alignment here.

! Misplaced \cr.
<inserted text> \cr 
                    
l.184 \multicolumn
                  {4}{l}{\scriptsize ``Never Visited'' includes HHs that nev...
I can't figure out why you would want to use a tab mark
or \cr or \span just now. If something like a right brace
up above has ended a previous alignment prematurely,
you're probably due for more error messages, and you
might try typing `S' now just to see what is salvageable.

! Missing \cr inserted.
<inserted text> 
                \cr 
l.184 \multicolumn
                  {4}{l}{\scriptsize ``Never Visited'' includes HHs that nev...
I'm guessing that you meant to end an alignment here.

! Misplaced \cr.
<inserted text> \cr 
                    
l.184 \multicolumn
                  {4}{l}{\scriptsize ``Never Visited'' includes HHs that nev...
I can't figure out why you would want to use a tab mark
or \cr or \span just now. If something like a right brace
up above has ended a previous alignment prematurely,
you're probably due for more error messages, and you
might try typing `S' now just to see what is salvageable.

! Missing \cr inserted.
<inserted text> 
                \cr 
l.184 \multicolumn
                  {4}{l}{\scriptsize ``Never Visited'' includes HHs that nev...
I'm guessing that you meant to end an alignment here.

! Misplaced \cr.
<inserted text> \cr 
                    
l.184 \multicolumn
                  {4}{l}{\scriptsize ``Never Visited'' includes HHs that nev...
I can't figure out why you would want to use a tab mark
or \cr or \span just now. If something like a right brace
up above has ended a previous alignment prematurely,
you're probably due for more error messages, and you
might try typing `S' now just to see what is salvageable.

! Missing \cr inserted.
<inserted text> 
                \cr 
l.184 \multicolumn
                  {4}{l}{\scriptsize ``Never Visited'' includes HHs that nev...
I'm guessing that you meant to end an alignment here.

! Misplaced \cr.
<inserted text> \cr 
                    
l.184 \multicolumn
                  {4}{l}{\scriptsize ``Never Visited'' includes HHs that nev...
I can't figure out why you would want to use a tab mark
or \cr or \span just now. If something like a right brace
up above has ended a previous alignment prematurely,
you're probably due for more error messages, and you
might try typing `S' now just to see what is salvageable.

! Missing \cr inserted.
<inserted text> 
                \cr 
l.184 \multicolumn
                  {4}{l}{\scriptsize ``Never Visited'' includes HHs that nev...
I'm guessing that you meant to end an alignment here.

! Misplaced \cr.
<inserted text> \cr 
                    
l.184 \multicolumn
                  {4}{l}{\scriptsize ``Never Visited'' includes HHs that nev...
I can't figure out why you would want to use a tab mark
or \cr or \span just now. If something like a right brace
up above has ended a previous alignment prematurely,
you're probably due for more error messages, and you
might try typing `S' now just to see what is salvageable.

! Missing \cr inserted.
<inserted text> 
                \cr 
l.184 \multicolumn
                  {4}{l}{\scriptsize ``Never Visited'' includes HHs that nev...
I'm guessing that you meant to end an alignment here.

! Misplaced \cr.
<inserted text> \cr 
                    
l.184 \multicolumn
                  {4}{l}{\scriptsize ``Never Visited'' includes HHs that nev...
I can't figure out why you would want to use a tab mark
or \cr or \span just now. If something like a right brace
up above has ended a previous alignment prematurely,
you're probably due for more error messages, and you
might try typing `S' now just to see what is salvageable.

! Missing \cr inserted.
<inserted text> 
                \cr 
l.184 \multicolumn
                  {4}{l}{\scriptsize ``Never Visited'' includes HHs that nev...
I'm guessing that you meant to end an alignment here.

! Misplaced \cr.
<inserted text> \cr 
                    
l.184 \multicolumn
                  {4}{l}{\scriptsize ``Never Visited'' includes HHs that nev...
I can't figure out why you would want to use a tab mark
or \cr or \span just now. If something like a right brace
up above has ended a previous alignment prematurely,
you're probably due for more error messages, and you
might try typing `S' now just to see what is salvageable.

! Missing \cr inserted.
<inserted text> 
                \cr 
l.184 \multicolumn
                  {4}{l}{\scriptsize ``Never Visited'' includes HHs that nev...
I'm guessing that you meant to end an alignment here.

! Misplaced \cr.
<inserted text> \cr 
                    
l.184 \multicolumn
                  {4}{l}{\scriptsize ``Never Visited'' includes HHs that nev...
I can't figure out why you would want to use a tab mark
or \cr or \span just now. If something like a right brace
up above has ended a previous alignment prematurely,
you're probably due for more error messages, and you
might try typing `S' now just to see what is salvageable.

! Missing \cr inserted.
<inserted text> 
                \cr 
l.184 \multicolumn
                  {4}{l}{\scriptsize ``Never Visited'' includes HHs that nev...
I'm guessing that you meant to end an alignment here.

! Misplaced \cr.
<inserted text> \cr 
                    
l.184 \multicolumn
                  {4}{l}{\scriptsize ``Never Visited'' includes HHs that nev...
I can't figure out why you would want to use a tab mark
or \cr or \span just now. If something like a right brace
up above has ended a previous alignment prematurely,
you're probably due for more error messages, and you
might try typing `S' now just to see what is salvageable.

! Missing \cr inserted.
<inserted text> 
                \cr 
l.184 \multicolumn
                  {4}{l}{\scriptsize ``Never Visited'' includes HHs that nev...
I'm guessing that you meant to end an alignment here.

! Misplaced \cr.
<inserted text> \cr 
                    
l.184 \multicolumn
                  {4}{l}{\scriptsize ``Never Visited'' includes HHs that nev...
I can't figure out why you would want to use a tab mark
or \cr or \span just now. If something like a right brace
up above has ended a previous alignment prematurely,
you're probably due for more error messages, and you
might try typing `S' now just to see what is salvageable.

! Missing \cr inserted.
<inserted text> 
                \cr 
l.184 \multicolumn
                  {4}{l}{\scriptsize ``Never Visited'' includes HHs that nev...
I'm guessing that you meant to end an alignment here.

! Misplaced \cr.
<inserted text> \cr 
                    
l.184 \multicolumn
                  {4}{l}{\scriptsize ``Never Visited'' includes HHs that nev...
I can't figure out why you would want to use a tab mark
or \cr or \span just now. If something like a right brace
up above has ended a previous alignment prematurely,
you're probably due for more error messages, and you
might try typing `S' now just to see what is salvageable.

! Missing \cr inserted.
<inserted text> 
                \cr 
l.184 \multicolumn
                  {4}{l}{\scriptsize ``Never Visited'' includes HHs that nev...
I'm guessing that you meant to end an alignment here.

! Misplaced \cr.
<inserted text> \cr 
                    
l.184 \multicolumn
                  {4}{l}{\scriptsize ``Never Visited'' includes HHs that nev...
I can't figure out why you would want to use a tab mark
or \cr or \span just now. If something like a right brace
up above has ended a previous alignment prematurely,
you're probably due for more error messages, and you
might try typing `S' now just to see what is salvageable.

! Missing \cr inserted.
<inserted text> 
                \cr 
l.184 \multicolumn
                  {4}{l}{\scriptsize ``Never Visited'' includes HHs that nev...
I'm guessing that you meant to end an alignment here.

! Misplaced \cr.
<inserted text> \cr 
                    
l.184 \multicolumn
                  {4}{l}{\scriptsize ``Never Visited'' includes HHs that nev...
I can't figure out why you would want to use a tab mark
or \cr or \span just now. If something like a right brace
up above has ended a previous alignment prematurely,
you're probably due for more error messages, and you
might try typing `S' now just to see what is salvageable.

! Missing \cr inserted.
<inserted text> 
                \cr 
l.184 \multicolumn
                  {4}{l}{\scriptsize ``Never Visited'' includes HHs that nev...
I'm guessing that you meant to end an alignment here.

! Misplaced \cr.
<inserted text> \cr 
                    
l.184 \multicolumn
                  {4}{l}{\scriptsize ``Never Visited'' includes HHs that nev...
I can't figure out why you would want to use a tab mark
or \cr or \span just now. If something like a right brace
up above has ended a previous alignment prematurely,
you're probably due for more error messages, and you
might try typing `S' now just to see what is salvageable.

! Missing \cr inserted.
<inserted text> 
                \cr 
l.184 \multicolumn
                  {4}{l}{\scriptsize ``Never Visited'' includes HHs that nev...
I'm guessing that you meant to end an alignment here.

! Misplaced \cr.
<inserted text> \cr 
                    
l.184 \multicolumn
                  {4}{l}{\scriptsize ``Never Visited'' includes HHs that nev...
I can't figure out why you would want to use a tab mark
or \cr or \span just now. If something like a right brace
up above has ended a previous alignment prematurely,
you're probably due for more error messages, and you
might try typing `S' now just to see what is salvageable.

! Missing \cr inserted.
<inserted text> 
                \cr 
l.184 \multicolumn
                  {4}{l}{\scriptsize ``Never Visited'' includes HHs that nev...
I'm guessing that you meant to end an alignment here.

! Misplaced \cr.
<inserted text> \cr 
                    
l.184 \multicolumn
                  {4}{l}{\scriptsize ``Never Visited'' includes HHs that nev...
I can't figure out why you would want to use a tab mark
or \cr or \span just now. If something like a right brace
up above has ended a previous alignment prematurely,
you're probably due for more error messages, and you
might try typing `S' now just to see what is salvageable.

! Missing \cr inserted.
<inserted text> 
                \cr 
l.184 \multicolumn
                  {4}{l}{\scriptsize ``Never Visited'' includes HHs that nev...
I'm guessing that you meant to end an alignment here.

! Misplaced \cr.
<inserted text> \cr 
                    
l.184 \multicolumn
                  {4}{l}{\scriptsize ``Never Visited'' includes HHs that nev...
I can't figure out why you would want to use a tab mark
or \cr or \span just now. If something like a right brace
up above has ended a previous alignment prematurely,
you're probably due for more error messages, and you
might try typing `S' now just to see what is salvageable.

! Missing \cr inserted.
<inserted text> 
                \cr 
l.184 \multicolumn
                  {4}{l}{\scriptsize ``Never Visited'' includes HHs that nev...
I'm guessing that you meant to end an alignment here.

! Misplaced \cr.
<inserted text> \cr 
                    
l.184 \multicolumn
                  {4}{l}{\scriptsize ``Never Visited'' includes HHs that nev...
I can't figure out why you would want to use a tab mark
or \cr or \span just now. If something like a right brace
up above has ended a previous alignment prematurely,
you're probably due for more error messages, and you
might try typing `S' now just to see what is salvageable.

! Missing \cr inserted.
<inserted text> 
                \cr 
l.184 \multicolumn
                  {4}{l}{\scriptsize ``Never Visited'' includes HHs that nev...
I'm guessing that you meant to end an alignment here.

! Misplaced \cr.
<inserted text> \cr 
                    
l.184 \multicolumn
                  {4}{l}{\scriptsize ``Never Visited'' includes HHs that nev...
I can't figure out why you would want to use a tab mark
or \cr or \span just now. If something like a right brace
up above has ended a previous alignment prematurely,
you're probably due for more error messages, and you
might try typing `S' now just to see what is salvageable.

! Missing \cr inserted.
<inserted text> 
                \cr 
l.184 \multicolumn
                  {4}{l}{\scriptsize ``Never Visited'' includes HHs that nev...
I'm guessing that you meant to end an alignment here.

! Misplaced \cr.
<inserted text> \cr 
                    
l.184 \multicolumn
                  {4}{l}{\scriptsize ``Never Visited'' includes HHs that nev...
I can't figure out why you would want to use a tab mark
or \cr or \span just now. If something like a right brace
up above has ended a previous alignment prematurely,
you're probably due for more error messages, and you
might try typing `S' now just to see what is salvageable.

! Missing \cr inserted.
<inserted text> 
                \cr 
l.184 \multicolumn
                  {4}{l}{\scriptsize ``Never Visited'' includes HHs that nev...
I'm guessing that you meant to end an alignment here.

! Misplaced \cr.
<inserted text> \cr 
                    
l.184 \multicolumn
                  {4}{l}{\scriptsize ``Never Visited'' includes HHs that nev...
I can't figure out why you would want to use a tab mark
or \cr or \span just now. If something like a right brace
up above has ended a previous alignment prematurely,
you're probably due for more error messages, and you
might try typing `S' now just to see what is salvageable.

! Missing \cr inserted.
<inserted text> 
                \cr 
l.184 \multicolumn
                  {4}{l}{\scriptsize ``Never Visited'' includes HHs that nev...
I'm guessing that you meant to end an alignment here.

! Misplaced \cr.
<inserted text> \cr 
                    
l.184 \multicolumn
                  {4}{l}{\scriptsize ``Never Visited'' includes HHs that nev...
I can't figure out why you would want to use a tab mark
or \cr or \span just now. If something like a right brace
up above has ended a previous alignment prematurely,
you're probably due for more error messages, and you
might try typing `S' now just to see what is salvageable.

! Missing \cr inserted.
<inserted text> 
                \cr 
l.184 \multicolumn
                  {4}{l}{\scriptsize ``Never Visited'' includes HHs that nev...
I'm guessing that you meant to end an alignment here.

! Misplaced \cr.
<inserted text> \cr 
                    
l.184 \multicolumn
                  {4}{l}{\scriptsize ``Never Visited'' includes HHs that nev...
I can't figure out why you would want to use a tab mark
or \cr or \span just now. If something like a right brace
up above has ended a previous alignment prematurely,
you're probably due for more error messages, and you
might try typing `S' now just to see what is salvageable.

! Missing \cr inserted.
<inserted text> 
                \cr 
l.184 \multicolumn
                  {4}{l}{\scriptsize ``Never Visited'' includes HHs that nev...
I'm guessing that you meant to end an alignment here.

! Misplaced \cr.
<inserted text> \cr 
                    
l.184 \multicolumn
                  {4}{l}{\scriptsize ``Never Visited'' includes HHs that nev...
I can't figure out why you would want to use a tab mark
or \cr or \span just now. If something like a right brace
up above has ended a previous alignment prematurely,
you're probably due for more error messages, and you
might try typing `S' now just to see what is salvageable.

! Missing \cr inserted.
<inserted text> 
                \cr 
l.184 \multicolumn
                  {4}{l}{\scriptsize ``Never Visited'' includes HHs that nev...
I'm guessing that you meant to end an alignment here.

! Misplaced \cr.
<inserted text> \cr 
                    
l.184 \multicolumn
                  {4}{l}{\scriptsize ``Never Visited'' includes HHs that nev...
I can't figure out why you would want to use a tab mark
or \cr or \span just now. If something like a right brace
up above has ended a previous alignment prematurely,
you're probably due for more error messages, and you
might try typing `S' now just to see what is salvageable.

! Missing \cr inserted.
<inserted text> 
                \cr 
l.184 \multicolumn
                  {4}{l}{\scriptsize ``Never Visited'' includes HHs that nev...
I'm guessing that you meant to end an alignment here.

! Misplaced \cr.
<inserted text> \cr 
                    
l.184 \multicolumn
                  {4}{l}{\scriptsize ``Never Visited'' includes HHs that nev...
I can't figure out why you would want to use a tab mark
or \cr or \span just now. If something like a right brace
up above has ended a previous alignment prematurely,
you're probably due for more error messages, and you
might try typing `S' now just to see what is salvageable.

! Missing \cr inserted.
<inserted text> 
                \cr 
l.184 \multicolumn
                  {4}{l}{\scriptsize ``Never Visited'' includes HHs that nev...
I'm guessing that you meant to end an alignment here.

! Misplaced \cr.
<inserted text> \cr 
                    
l.184 \multicolumn
                  {4}{l}{\scriptsize ``Never Visited'' includes HHs that nev...
I can't figure out why you would want to use a tab mark
or \cr or \span just now. If something like a right brace
up above has ended a previous alignment prematurely,
you're probably due for more error messages, and you
might try typing `S' now just to see what is salvageable.

! Missing \cr inserted.
<inserted text> 
                \cr 
l.184 \multicolumn
                  {4}{l}{\scriptsize ``Never Visited'' includes HHs that nev...
I'm guessing that you meant to end an alignment here.

! Misplaced \cr.
<inserted text> \cr 
                    
l.184 \multicolumn
                  {4}{l}{\scriptsize ``Never Visited'' includes HHs that nev...
I can't figure out why you would want to use a tab mark
or \cr or \span just now. If something like a right brace
up above has ended a previous alignment prematurely,
you're probably due for more error messages, and you
might try typing `S' now just to see what is salvageable.

! Missing \cr inserted.
<inserted text> 
                \cr 
l.184 \multicolumn
                  {4}{l}{\scriptsize ``Never Visited'' includes HHs that nev...
I'm guessing that you meant to end an alignment here.

! Misplaced \cr.
<inserted text> \cr 
                    
l.184 \multicolumn
                  {4}{l}{\scriptsize ``Never Visited'' includes HHs that nev...
I can't figure out why you would want to use a tab mark
or \cr or \span just now. If something like a right brace
up above has ended a previous alignment prematurely,
you're probably due for more error messages, and you
might try typing `S' now just to see what is salvageable.

! Missing \cr inserted.
<inserted text> 
                \cr 
l.184 \multicolumn
                  {4}{l}{\scriptsize ``Never Visited'' includes HHs that nev...
I'm guessing that you meant to end an alignment here.

! Misplaced \cr.
<inserted text> \cr 
                    
l.184 \multicolumn
                  {4}{l}{\scriptsize ``Never Visited'' includes HHs that nev...
I can't figure out why you would want to use a tab mark
or \cr or \span just now. If something like a right brace
up above has ended a previous alignment prematurely,
you're probably due for more error messages, and you
might try typing `S' now just to see what is salvageable.

! Missing \cr inserted.
<inserted text> 
                \cr 
l.184 \multicolumn
                  {4}{l}{\scriptsize ``Never Visited'' includes HHs that nev...
I'm guessing that you meant to end an alignment here.

! Misplaced \cr.
<inserted text> \cr 
                    
l.184 \multicolumn
                  {4}{l}{\scriptsize ``Never Visited'' includes HHs that nev...
(That makes 100 errors; please try again.) 
Here is how much of TeX's memory you used:
 20848 strings out of 493089
 368872 string characters out of 6134842
 448880 words of memory out of 5000000
 23783 multiletter control sequences out of 15000+600000
 72424 words of font info for 197 fonts, out of 8000000 for 9000
 1141 hyphenation exceptions out of 8191
 59i,11n,94p,1689b,432s stack positions out of 5000i,500n,10000p,200000b,80000s

!  ==> Fatal error occurred, no output PDF file produced!
