This is pdfTeX, Version 3.14159265-2.6-1.40.16 (TeX Live 2015) (preloaded format=pdflatex 2015.5.24)  5 FEB 2020 13:36
entering extended mode
 restricted \write18 enabled.
 %&-line parsing enabled.
**paper.tex
(./paper.tex
LaTeX2e <2015/01/01>
Babel <3.9l> and hyphenation patterns for 79 languages loaded.
(/usr/local/texlive/2015/texmf-dist/tex/latex/base/article.cls
Document Class: article 2014/09/29 v1.4h Standard LaTeX document class
(/usr/local/texlive/2015/texmf-dist/tex/latex/base/size12.clo
File: size12.clo 2014/09/29 v1.4h Standard LaTeX file (size option)
)
\c@part=\count79
\c@section=\count80
\c@subsection=\count81
\c@subsubsection=\count82
\c@paragraph=\count83
\c@subparagraph=\count84
\c@figure=\count85
\c@table=\count86
\abovecaptionskip=\skip41
\belowcaptionskip=\skip42
\bibindent=\dimen102
)
(/usr/local/texlive/2015/texmf-dist/tex/latex/amsfonts/amssymb.sty
Package: amssymb 2013/01/14 v3.01 AMS font symbols

(/usr/local/texlive/2015/texmf-dist/tex/latex/amsfonts/amsfonts.sty
Package: amsfonts 2013/01/14 v3.01 Basic AMSFonts support
\@emptytoks=\toks14
\symAMSa=\mathgroup4
\symAMSb=\mathgroup5
LaTeX Font Info:    Overwriting math alphabet `\mathfrak' in version `bold'
(Font)                  U/euf/m/n --> U/euf/b/n on input line 106.
))
(/usr/local/texlive/2015/texmf-dist/tex/latex/amsmath/amsmath.sty
Package: amsmath 2013/01/14 v2.14 AMS math features
\@mathmargin=\skip43

For additional information on amsmath, use the `?' option.
(/usr/local/texlive/2015/texmf-dist/tex/latex/amsmath/amstext.sty
Package: amstext 2000/06/29 v2.01

(/usr/local/texlive/2015/texmf-dist/tex/latex/amsmath/amsgen.sty
File: amsgen.sty 1999/11/30 v2.0
\@emptytoks=\toks15
\ex@=\dimen103
))
(/usr/local/texlive/2015/texmf-dist/tex/latex/amsmath/amsbsy.sty
Package: amsbsy 1999/11/29 v1.2d
\pmbraise@=\dimen104
)
(/usr/local/texlive/2015/texmf-dist/tex/latex/amsmath/amsopn.sty
Package: amsopn 1999/12/14 v2.01 operator names
)
\inf@bad=\count87
LaTeX Info: Redefining \frac on input line 210.
\uproot@=\count88
\leftroot@=\count89
LaTeX Info: Redefining \overline on input line 306.
\classnum@=\count90
\DOTSCASE@=\count91
LaTeX Info: Redefining \ldots on input line 378.
LaTeX Info: Redefining \dots on input line 381.
LaTeX Info: Redefining \cdots on input line 466.
\Mathstrutbox@=\box26
\strutbox@=\box27
\big@size=\dimen105
LaTeX Font Info:    Redeclaring font encoding OML on input line 566.
LaTeX Font Info:    Redeclaring font encoding OMS on input line 567.
\macc@depth=\count92
\c@MaxMatrixCols=\count93
\dotsspace@=\muskip10
\c@parentequation=\count94
\dspbrk@lvl=\count95
\tag@help=\toks16
\row@=\count96
\column@=\count97
\maxfields@=\count98
\andhelp@=\toks17
\eqnshift@=\dimen106
\alignsep@=\dimen107
\tagshift@=\dimen108
\tagwidth@=\dimen109
\totwidth@=\dimen110
\lineht@=\dimen111
\@envbody=\toks18
\multlinegap=\skip44
\multlinetaggap=\skip45
\mathdisplay@stack=\toks19
LaTeX Info: Redefining \[ on input line 2665.
LaTeX Info: Redefining \] on input line 2666.
)
(/usr/local/texlive/2015/texmf-dist/tex/latex/eurosym/eurosym.sty
Package: eurosym 1998/08/06 v1.1 European currency symbol ``Euro''
\@eurobox=\box28
)
(/usr/local/texlive/2015/texmf-dist/tex/latex/geometry/geometry.sty
Package: geometry 2010/09/12 v5.6 Page Geometry

(/usr/local/texlive/2015/texmf-dist/tex/latex/graphics/keyval.sty
Package: keyval 2014/10/28 v1.15 key=value parser (DPC)
\KV@toks@=\toks20
)
(/usr/local/texlive/2015/texmf-dist/tex/generic/oberdiek/ifpdf.sty
Package: ifpdf 2011/01/30 v2.3 Provides the ifpdf switch (HO)
Package ifpdf Info: pdfTeX in PDF mode is detected.
)
(/usr/local/texlive/2015/texmf-dist/tex/generic/oberdiek/ifvtex.sty
Package: ifvtex 2010/03/01 v1.5 Detect VTeX and its facilities (HO)
Package ifvtex Info: VTeX not detected.
)
(/usr/local/texlive/2015/texmf-dist/tex/generic/ifxetex/ifxetex.sty
Package: ifxetex 2010/09/12 v0.6 Provides ifxetex conditional
)
\Gm@cnth=\count99
\Gm@cntv=\count100
\c@Gm@tempcnt=\count101
\Gm@bindingoffset=\dimen112
\Gm@wd@mp=\dimen113
\Gm@odd@mp=\dimen114
\Gm@even@mp=\dimen115
\Gm@layoutwidth=\dimen116
\Gm@layoutheight=\dimen117
\Gm@layouthoffset=\dimen118
\Gm@layoutvoffset=\dimen119
\Gm@dimlist=\toks21
)
(/usr/local/texlive/2015/texmf-dist/tex/generic/ulem/ulem.sty
\UL@box=\box29
\UL@hyphenbox=\box30
\UL@skip=\skip46
\UL@hook=\toks22
\UL@height=\dimen120
\UL@pe=\count102
\UL@pixel=\dimen121
\ULC@box=\box31
Package: ulem 2012/05/18
\ULdepth=\dimen122
)
(/usr/local/texlive/2015/texmf-dist/tex/latex/graphics/graphicx.sty
Package: graphicx 2014/10/28 v1.0g Enhanced LaTeX Graphics (DPC,SPQR)

(/usr/local/texlive/2015/texmf-dist/tex/latex/graphics/graphics.sty
Package: graphics 2014/10/28 v1.0p Standard LaTeX Graphics (DPC,SPQR)

(/usr/local/texlive/2015/texmf-dist/tex/latex/graphics/trig.sty
Package: trig 1999/03/16 v1.09 sin cos tan (DPC)
)
(/usr/local/texlive/2015/texmf-dist/tex/latex/latexconfig/graphics.cfg
File: graphics.cfg 2010/04/23 v1.9 graphics configuration of TeX Live
)
Package graphics Info: Driver file: pdftex.def on input line 94.

(/usr/local/texlive/2015/texmf-dist/tex/latex/pdftex-def/pdftex.def
File: pdftex.def 2011/05/27 v0.06d Graphics/color for pdfTeX

(/usr/local/texlive/2015/texmf-dist/tex/generic/oberdiek/infwarerr.sty
Package: infwarerr 2010/04/08 v1.3 Providing info/warning/error messages (HO)
)
(/usr/local/texlive/2015/texmf-dist/tex/generic/oberdiek/ltxcmds.sty
Package: ltxcmds 2011/11/09 v1.22 LaTeX kernel commands for general use (HO)
)
\Gread@gobject=\count103
))
\Gin@req@height=\dimen123
\Gin@req@width=\dimen124
)
(/usr/local/texlive/2015/texmf-dist/tex/latex/graphics/color.sty
Package: color 2014/10/28 v1.1a Standard LaTeX Color (DPC)

(/usr/local/texlive/2015/texmf-dist/tex/latex/latexconfig/color.cfg
File: color.cfg 2007/01/18 v1.5 color configuration of teTeX/TeXLive
)
Package color Info: Driver file: pdftex.def on input line 142.
)
(/usr/local/texlive/2015/texmf-dist/tex/latex/setspace/setspace.sty
Package: setspace 2011/12/19 v6.7a set line spacing
)
(/usr/local/texlive/2015/texmf-dist/tex/latex/sectsty/sectsty.sty
Package: sectsty 2002/02/25 v2.0.2 Commands to change all sectional heading sty
les
)
(/usr/local/texlive/2015/texmf-dist/tex/latex/comment/comment.sty
\CommentStream=\write3

Excluding comment 'comment')
(/usr/local/texlive/2015/texmf-dist/tex/latex/natbib/natbib.sty
Package: natbib 2010/09/13 8.31b (PWD, AO)
\bibhang=\skip47
\bibsep=\skip48
LaTeX Info: Redefining \cite on input line 694.
\c@NAT@ctr=\count104
)
(/usr/local/texlive/2015/texmf-dist/tex/latex/oberdiek/pdflscape.sty
Package: pdflscape 2008/08/11 v0.10 Display of landscape pages in PDF (HO)

(/usr/local/texlive/2015/texmf-dist/tex/latex/graphics/lscape.sty
Package: lscape 2000/10/22 v3.01 Landscape Pages (DPC)
)
Package pdflscape Info: Auto-detected driver: pdftex on input line 80.
)
(/usr/local/texlive/2015/texmf-dist/tex/latex/tools/array.sty
Package: array 2014/10/28 v2.4c Tabular extension package (FMi)
\col@sep=\dimen125
\extrarowheight=\dimen126
\NC@list=\toks23
\extratabsurround=\skip49
\backup@length=\skip50
)
(/usr/local/texlive/2015/texmf-dist/tex/latex/adjustbox/adjustbox.sty
Package: adjustbox 2012/05/21 v1.0 Adjusting TeX boxes (trim, clip, ...)

(/usr/local/texlive/2015/texmf-dist/tex/latex/xkeyval/xkeyval.sty
Package: xkeyval 2014/12/03 v2.7a package option processing (HA)

(/usr/local/texlive/2015/texmf-dist/tex/generic/xkeyval/xkeyval.tex
(/usr/local/texlive/2015/texmf-dist/tex/generic/xkeyval/xkvutils.tex
\XKV@toks=\toks24
\XKV@tempa@toks=\toks25
)
\XKV@depth=\count105
File: xkeyval.tex 2014/12/03 v2.7a key=value parser (HA)
))
(/usr/local/texlive/2015/texmf-dist/tex/latex/adjustbox/adjcalc.sty
Package: adjcalc 2012/05/16 v1.1 Provides advanced setlength with multiple back
-ends (calc, etex, pgfmath)
)
(/usr/local/texlive/2015/texmf-dist/tex/latex/adjustbox/trimclip.sty
Package: trimclip 2012/05/16 v1.0 Trim and clip general TeX material

(/usr/local/texlive/2015/texmf-dist/tex/latex/collectbox/collectbox.sty
Package: collectbox 2012/05/17 v0.4b Collect macro arguments as boxes
\collectedbox=\box32
)
\tc@llx=\dimen127
\tc@lly=\dimen128
\tc@urx=\dimen129
\tc@ury=\dimen130
Package trimclip Info: Using driver 'tc-pdftex.def'.

(/usr/local/texlive/2015/texmf-dist/tex/latex/adjustbox/tc-pdftex.def
File: tc-pdftex.def 2012/05/13 v1.0 Clipping driver for pdftex
))
\adjbox@Width=\dimen131
\adjbox@Height=\dimen132
\adjbox@Depth=\dimen133
\adjbox@Totalheight=\dimen134

(/usr/local/texlive/2015/texmf-dist/tex/latex/ifoddpage/ifoddpage.sty
Package: ifoddpage 2011/09/13 v1.0 Conditionals for odd/even page detection
\c@checkoddpage=\count106
)
(/usr/local/texlive/2015/texmf-dist/tex/latex/varwidth/varwidth.sty
Package: varwidth 2009/03/30 ver 0.92;  Variable-width minipages
\@vwid@box=\box33
\sift@deathcycles=\count107
\@vwid@loff=\dimen135
\@vwid@roff=\dimen136
))
(/usr/local/texlive/2015/texmf-dist/tex/latex/threeparttable/threeparttable.sty
Package: threeparttable 2003/06/13  v 3.0
\@tempboxb=\box34
) (/usr/local/texlive/2015/texmf-dist/tex/latex/psnfss/palatino.sty
Package: palatino 2005/04/12 PSNFSS-v9.2a (SPQR) 
)
(/usr/local/texlive/2015/texmf-dist/tex/latex/newtx/newtxmath.sty
Package: newtxmath 2015/05/01 v1.437

`newtxmath' v1.437, 2015/05/01 Math macros based on txfonts (msharpe)
(/usr/local/texlive/2015/texmf-dist/tex/generic/oberdiek/ifluatex.sty
Package: ifluatex 2010/03/01 v1.3 Provides the ifluatex switch (HO)
Package ifluatex Info: LuaTeX not detected.
)
(/usr/local/texlive/2015/texmf-dist/tex/generic/kastrup/binhex.tex)
\tx@Isdigit=\count108
LaTeX Font Info:    Redeclaring symbol font `operators' on input line 107.
LaTeX Font Info:    Overwriting symbol font `operators' in version `normal'
(Font)                  OT1/cmr/m/n --> OT1/ppl/m/n on input line 107.
LaTeX Font Info:    Overwriting symbol font `operators' in version `bold'
(Font)                  OT1/cmr/bx/n --> OT1/ppl/m/n on input line 107.
LaTeX Font Info:    Overwriting symbol font `operators' in version `bold'
(Font)                  OT1/ppl/m/n --> OT1/ppl/b/n on input line 108.
LaTeX Font Info:    Redeclaring math alphabet \mathsf on input line 114.
LaTeX Font Info:    Overwriting math alphabet `\mathsf' in version `normal'
(Font)                  OT1/cmss/m/n --> OT1/phv/m/n on input line 114.
LaTeX Font Info:    Overwriting math alphabet `\mathsf' in version `bold'
(Font)                  OT1/cmss/bx/n --> OT1/phv/m/n on input line 114.
LaTeX Font Info:    Redeclaring math alphabet \mathit on input line 115.
LaTeX Font Info:    Overwriting math alphabet `\mathit' in version `normal'
(Font)                  OT1/cmr/m/it --> OT1/ppl/m/it on input line 115.
LaTeX Font Info:    Overwriting math alphabet `\mathit' in version `bold'
(Font)                  OT1/cmr/bx/it --> OT1/ppl/m/it on input line 115.
LaTeX Font Info:    Redeclaring math alphabet \mathtt on input line 116.
LaTeX Font Info:    Overwriting math alphabet `\mathtt' in version `normal'
(Font)                  OT1/cmtt/m/n --> OT1/pcr/m/n on input line 116.
LaTeX Font Info:    Overwriting math alphabet `\mathtt' in version `bold'
(Font)                  OT1/cmtt/m/n --> OT1/pcr/m/n on input line 116.
LaTeX Font Info:    Redeclaring math alphabet \mathbf on input line 118.
LaTeX Font Info:    Overwriting math alphabet `\mathbf' in version `normal'
(Font)                  OT1/cmr/bx/n --> OT1/ppl/b/n on input line 118.
LaTeX Font Info:    Overwriting math alphabet `\mathbf' in version `bold'
(Font)                  OT1/cmr/bx/n --> OT1/ppl/b/n on input line 118.
LaTeX Font Info:    Overwriting math alphabet `\mathit' in version `bold'
(Font)                  OT1/ppl/m/it --> OT1/ppl/b/it on input line 119.
LaTeX Font Info:    Overwriting math alphabet `\mathsf' in version `bold'
(Font)                  OT1/phv/m/n --> OT1/phv/b/n on input line 120.
LaTeX Font Info:    Overwriting math alphabet `\mathtt' in version `bold'
(Font)                  OT1/pcr/m/n --> OT1/pcr/b/n on input line 121.
LaTeX Font Info:    Redeclaring symbol font `letters' on input line 162.
LaTeX Font Info:    Overwriting symbol font `letters' in version `normal'
(Font)                  OML/cmm/m/it --> OML/ntxmi/m/it on input line 162.
LaTeX Font Info:    Overwriting symbol font `letters' in version `bold'
(Font)                  OML/cmm/b/it --> OML/ntxmi/m/it on input line 162.
LaTeX Font Info:    Overwriting symbol font `letters' in version `bold'
(Font)                  OML/ntxmi/m/it --> OML/ntxmi/b/it on input line 163.
\symlettersA=\mathgroup6
LaTeX Font Info:    Overwriting symbol font `lettersA' in version `bold'
(Font)                  U/ntxmia/m/it --> U/ntxmia/b/it on input line 177.
LaTeX Font Info:    Redeclaring math alphabet \mathfrak on input line 179.
LaTeX Font Info:    Redeclaring symbol font `symbols' on input line 185.
LaTeX Font Info:    Overwriting symbol font `symbols' in version `normal'
(Font)                  OMS/cmsy/m/n --> OMS/ntxsy/m/n on input line 185.
LaTeX Font Info:    Overwriting symbol font `symbols' in version `bold'
(Font)                  OMS/cmsy/b/n --> OMS/ntxsy/m/n on input line 185.
LaTeX Font Info:    Overwriting symbol font `symbols' in version `bold'
(Font)                  OMS/ntxsy/m/n --> OMS/ntxsy/b/n on input line 186.
\symAMSm=\mathgroup7
LaTeX Font Info:    Overwriting symbol font `AMSm' in version `bold'
(Font)                  U/ntxsym/m/n --> U/ntxsym/b/n on input line 206.
\symsymbolsC=\mathgroup8
LaTeX Font Info:    Overwriting symbol font `symbolsC' in version `bold'
(Font)                  U/ntxsyc/m/n --> U/ntxsyc/b/n on input line 227.
LaTeX Font Info:    Redeclaring symbol font `largesymbols' on input line 240.
LaTeX Font Info:    Encoding `OMX' has changed to `LMX' for symbol font
(Font)              `largesymbols' in the math version `normal' on input line 2
40.
LaTeX Font Info:    Overwriting symbol font `largesymbols' in version `normal'
(Font)                  OMX/cmex/m/n --> LMX/ntxexx/m/n on input line 240.
LaTeX Font Info:    Encoding `OMX' has changed to `LMX' for symbol font
(Font)              `largesymbols' in the math version `bold' on input line 240
.
LaTeX Font Info:    Overwriting symbol font `largesymbols' in version `bold'
(Font)                  OMX/cmex/m/n --> LMX/ntxexx/m/n on input line 240.
LaTeX Font Info:    Overwriting symbol font `largesymbols' in version `bold'
(Font)                  LMX/ntxexx/m/n --> LMX/ntxexx/b/n on input line 241.
\symlargesymbolsTXA=\mathgroup9
LaTeX Font Info:    Overwriting symbol font `largesymbolsTXA' in version `bold'

(Font)                  U/ntxexa/m/n --> U/ntxexa/b/n on input line 255.
LaTeX Info: Redefining \not on input line 1638.
)
(/usr/local/texlive/2015/texmf-dist/tex/latex/multirow/multirow.sty
\bigstrutjot=\dimen137
)
(/usr/local/texlive/2015/texmf-dist/tex/latex/titlesec/titlesec.sty
Package: titlesec 2011/12/15 v2.10.0 Sectioning titles
\ttl@box=\box35
\beforetitleunit=\skip51
\aftertitleunit=\skip52
\ttl@plus=\dimen138
\ttl@minus=\dimen139
\ttl@toksa=\toks26
\titlewidth=\dimen140
\titlewidthlast=\dimen141
\titlewidthfirst=\dimen142
)
(/usr/local/texlive/2015/texmf-dist/tex/latex/tabu/tabu.sty
Package: tabu 2011/02/26 v2.8 - flexible LaTeX tabulars (FC)
\c@taburow=\count109
\tabu@nbcols=\count110
\tabu@cnt=\count111
\tabu@Xcol=\count112
\tabu@alloc=\count113
\tabu@nested=\count114
\tabu@target=\dimen143
\tabu@spreadtarget=\dimen144
\tabu@naturalX=\dimen145
\tabucolX=\dimen146
\tabu@Xsum=\dimen147
\extrarowdepth=\dimen148
\abovetabulinesep=\dimen149
\belowtabulinesep=\dimen150
\tabustrutrule=\dimen151
\tabu@thebody=\toks27
\tabu@footnotes=\toks28
\tabu@box=\box36
\tabu@arstrutbox=\box37
\tabu@hleads=\box38
\tabu@vleads=\box39
\tabu@cellskip=\skip53
)
(/usr/local/texlive/2015/texmf-dist/tex/latex/booktabs/booktabs.sty
Package: booktabs 2005/04/14 v1.61803 publication quality tables
\heavyrulewidth=\dimen152
\lightrulewidth=\dimen153
\cmidrulewidth=\dimen154
\belowrulesep=\dimen155
\belowbottomsep=\dimen156
\aboverulesep=\dimen157
\abovetopsep=\dimen158
\cmidrulesep=\dimen159
\cmidrulekern=\dimen160
\defaultaddspace=\dimen161
\@cmidla=\count115
\@cmidlb=\count116
\@aboverulesep=\dimen162
\@belowrulesep=\dimen163
\@thisruleclass=\count117
\@lastruleclass=\count118
\@thisrulewidth=\dimen164
)
(/usr/local/texlive/2015/texmf-dist/tex/latex/mathtools/mathtools.sty
Package: mathtools 2015/05/11 v1.16 mathematical typesetting tools

(/usr/local/texlive/2015/texmf-dist/tex/latex/tools/calc.sty
Package: calc 2014/10/28 v4.3 Infix arithmetic (KKT,FJ)
\calc@Acount=\count119
\calc@Bcount=\count120
\calc@Adimen=\dimen165
\calc@Bdimen=\dimen166
\calc@Askip=\skip54
\calc@Bskip=\skip55
LaTeX Info: Redefining \setlength on input line 80.
LaTeX Info: Redefining \addtolength on input line 81.
\calc@Ccount=\count121
\calc@Cskip=\skip56
)
(/usr/local/texlive/2015/texmf-dist/tex/latex/mathtools/mhsetup.sty
Package: mhsetup 2010/01/21 v1.2a programming setup (MH)
)
LaTeX Info: Thecontrolsequence`\('isalreadyrobust on input line 129.
LaTeX Info: Thecontrolsequence`\)'isalreadyrobust on input line 129.
LaTeX Info: Thecontrolsequence`\['isalreadyrobust on input line 129.
LaTeX Info: Thecontrolsequence`\]'isalreadyrobust on input line 129.
\g_MT_multlinerow_int=\count122
\l_MT_multwidth_dim=\dimen167
\origjot=\skip57
\l_MT_shortvdotswithinadjustabove_dim=\dimen168
\l_MT_shortvdotswithinadjustbelow_dim=\dimen169
\l_MT_above_intertext_sep=\dimen170
\l_MT_below_intertext_sep=\dimen171
\l_MT_above_shortintertext_sep=\dimen172
\l_MT_below_shortintertext_sep=\dimen173
)
(/usr/local/texlive/2015/texmf-dist/tex/latex/tools/bm.sty
Package: bm 2014/10/28 v1.1c Bold Symbol Support (DPC/FMi)
\symboldoperators=\mathgroup10
\symboldletters=\mathgroup11
\symboldsymbols=\mathgroup12
\symboldlargesymbols=\mathgroup13
LaTeX Font Info:    Redeclaring math alphabet \mathbf on input line 141.
LaTeX Info: Redefining \bm on input line 207.
)
(/usr/local/texlive/2015/texmf-dist/tex/latex/bbm-macros/bbm.sty
Package: bbm 1999/03/15 V 1.2 provides fonts for set symbols - TH
LaTeX Font Info:    Overwriting math alphabet `\mathbbm' in version `bold'
(Font)                  U/bbm/m/n --> U/bbm/bx/n on input line 33.
LaTeX Font Info:    Overwriting math alphabet `\mathbbmss' in version `bold'
(Font)                  U/bbmss/m/n --> U/bbmss/bx/n on input line 35.
)
(/usr/local/texlive/2015/texmf-dist/tex/latex/caption/subcaption.sty
Package: subcaption 2013/02/03 v1.1-62 Sub-captions (AR)

(/usr/local/texlive/2015/texmf-dist/tex/latex/caption/caption.sty
Package: caption 2013/05/02 v3.3-89 Customizing captions (AR)

(/usr/local/texlive/2015/texmf-dist/tex/latex/caption/caption3.sty
Package: caption3 2013/05/02 v1.6-88 caption3 kernel (AR)
Package caption3 Info: TeX engine: e-TeX on input line 57.
\captionmargin=\dimen174
\captionmargin@=\dimen175
\captionwidth=\dimen176
\caption@tempdima=\dimen177
\caption@indent=\dimen178
\caption@parindent=\dimen179
\caption@hangindent=\dimen180
)
\c@ContinuedFloat=\count123
Package caption Info: threeparttable package is loaded.
)
\c@subfigure=\count124
\c@subtable=\count125
)
(/usr/local/texlive/2015/texmf-dist/tex/latex/tcolorbox/tcolorbox.sty
Package: tcolorbox 2015/05/07 version 3.60 text color boxes

(/usr/local/texlive/2015/texmf-dist/tex/latex/pgf/basiclayer/pgf.sty
(/usr/local/texlive/2015/texmf-dist/tex/latex/pgf/utilities/pgfrcs.sty
(/usr/local/texlive/2015/texmf-dist/tex/generic/pgf/utilities/pgfutil-common.te
x
\pgfutil@everybye=\toks29
\pgfutil@tempdima=\dimen181
\pgfutil@tempdimb=\dimen182

(/usr/local/texlive/2015/texmf-dist/tex/generic/pgf/utilities/pgfutil-common-li
sts.tex))
(/usr/local/texlive/2015/texmf-dist/tex/generic/pgf/utilities/pgfutil-latex.def
\pgfutil@abb=\box40
(/usr/local/texlive/2015/texmf-dist/tex/latex/ms/everyshi.sty
Package: everyshi 2001/05/15 v3.00 EveryShipout Package (MS)
))
(/usr/local/texlive/2015/texmf-dist/tex/generic/pgf/utilities/pgfrcs.code.tex
Package: pgfrcs 2013/12/20 v3.0.0 (rcs-revision 1.28)
))
Package: pgf 2013/12/18 v3.0.0 (rcs-revision 1.14)
(/usr/local/texlive/2015/texmf-dist/tex/latex/pgf/basiclayer/pgfcore.sty
(/usr/local/texlive/2015/texmf-dist/tex/latex/pgf/systemlayer/pgfsys.sty
(/usr/local/texlive/2015/texmf-dist/tex/generic/pgf/systemlayer/pgfsys.code.tex
Package: pgfsys 2013/11/30 v3.0.0 (rcs-revision 1.47)
(/usr/local/texlive/2015/texmf-dist/tex/generic/pgf/utilities/pgfkeys.code.tex
\pgfkeys@pathtoks=\toks30
\pgfkeys@temptoks=\toks31

(/usr/local/texlive/2015/texmf-dist/tex/generic/pgf/utilities/pgfkeysfiltered.c
ode.tex
\pgfkeys@tmptoks=\toks32
))
\pgf@x=\dimen183
\pgf@y=\dimen184
\pgf@xa=\dimen185
\pgf@ya=\dimen186
\pgf@xb=\dimen187
\pgf@yb=\dimen188
\pgf@xc=\dimen189
\pgf@yc=\dimen190
\w@pgf@writea=\write4
\r@pgf@reada=\read1
\c@pgf@counta=\count126
\c@pgf@countb=\count127
\c@pgf@countc=\count128
\c@pgf@countd=\count129
\t@pgf@toka=\toks33
\t@pgf@tokb=\toks34
\t@pgf@tokc=\toks35

(/usr/local/texlive/2015/texmf-dist/tex/generic/pgf/systemlayer/pgf.cfg
File: pgf.cfg 2008/05/14  (rcs-revision 1.7)
)
Driver file for pgf: pgfsys-pdftex.def

(/usr/local/texlive/2015/texmf-dist/tex/generic/pgf/systemlayer/pgfsys-pdftex.d
ef
File: pgfsys-pdftex.def 2013/07/18  (rcs-revision 1.33)

(/usr/local/texlive/2015/texmf-dist/tex/generic/pgf/systemlayer/pgfsys-common-p
df.def
File: pgfsys-common-pdf.def 2013/10/10  (rcs-revision 1.13)
)))
(/usr/local/texlive/2015/texmf-dist/tex/generic/pgf/systemlayer/pgfsyssoftpath.
code.tex
File: pgfsyssoftpath.code.tex 2013/09/09  (rcs-revision 1.9)
\pgfsyssoftpath@smallbuffer@items=\count130
\pgfsyssoftpath@bigbuffer@items=\count131
)
(/usr/local/texlive/2015/texmf-dist/tex/generic/pgf/systemlayer/pgfsysprotocol.
code.tex
File: pgfsysprotocol.code.tex 2006/10/16  (rcs-revision 1.4)
)) (/usr/local/texlive/2015/texmf-dist/tex/latex/xcolor/xcolor.sty
Package: xcolor 2007/01/21 v2.11 LaTeX color extensions (UK)

(/usr/local/texlive/2015/texmf-dist/tex/latex/latexconfig/color.cfg
File: color.cfg 2007/01/18 v1.5 color configuration of teTeX/TeXLive
)
Package xcolor Info: Driver file: pdftex.def on input line 225.
LaTeX Info: Redefining \color on input line 702.
Package xcolor Info: Model `cmy' substituted by `cmy0' on input line 1337.
Package xcolor Info: Model `hsb' substituted by `rgb' on input line 1341.
Package xcolor Info: Model `RGB' extended on input line 1353.
Package xcolor Info: Model `HTML' substituted by `rgb' on input line 1355.
Package xcolor Info: Model `Hsb' substituted by `hsb' on input line 1356.
Package xcolor Info: Model `tHsb' substituted by `hsb' on input line 1357.
Package xcolor Info: Model `HSB' substituted by `hsb' on input line 1358.
Package xcolor Info: Model `Gray' substituted by `gray' on input line 1359.
Package xcolor Info: Model `wave' substituted by `hsb' on input line 1360.
)
(/usr/local/texlive/2015/texmf-dist/tex/generic/pgf/basiclayer/pgfcore.code.tex
Package: pgfcore 2010/04/11 v3.0.0 (rcs-revision 1.7)
(/usr/local/texlive/2015/texmf-dist/tex/generic/pgf/math/pgfmath.code.tex
(/usr/local/texlive/2015/texmf-dist/tex/generic/pgf/math/pgfmathcalc.code.tex
(/usr/local/texlive/2015/texmf-dist/tex/generic/pgf/math/pgfmathutil.code.tex)
(/usr/local/texlive/2015/texmf-dist/tex/generic/pgf/math/pgfmathparser.code.tex
\pgfmath@dimen=\dimen191
\pgfmath@count=\count132
\pgfmath@box=\box41
\pgfmath@toks=\toks36
\pgfmath@stack@operand=\toks37
\pgfmath@stack@operation=\toks38
)
(/usr/local/texlive/2015/texmf-dist/tex/generic/pgf/math/pgfmathfunctions.code.
tex
(/usr/local/texlive/2015/texmf-dist/tex/generic/pgf/math/pgfmathfunctions.basic
.code.tex)
(/usr/local/texlive/2015/texmf-dist/tex/generic/pgf/math/pgfmathfunctions.trigo
nometric.code.tex)
(/usr/local/texlive/2015/texmf-dist/tex/generic/pgf/math/pgfmathfunctions.rando
m.code.tex)
(/usr/local/texlive/2015/texmf-dist/tex/generic/pgf/math/pgfmathfunctions.compa
rison.code.tex)
(/usr/local/texlive/2015/texmf-dist/tex/generic/pgf/math/pgfmathfunctions.base.
code.tex)
(/usr/local/texlive/2015/texmf-dist/tex/generic/pgf/math/pgfmathfunctions.round
.code.tex)
(/usr/local/texlive/2015/texmf-dist/tex/generic/pgf/math/pgfmathfunctions.misc.
code.tex)
(/usr/local/texlive/2015/texmf-dist/tex/generic/pgf/math/pgfmathfunctions.integ
erarithmetics.code.tex)))
(/usr/local/texlive/2015/texmf-dist/tex/generic/pgf/math/pgfmathfloat.code.tex
\c@pgfmathroundto@lastzeros=\count133
))
(/usr/local/texlive/2015/texmf-dist/tex/generic/pgf/basiclayer/pgfcorepoints.co
de.tex
File: pgfcorepoints.code.tex 2013/10/07  (rcs-revision 1.27)
\pgf@picminx=\dimen192
\pgf@picmaxx=\dimen193
\pgf@picminy=\dimen194
\pgf@picmaxy=\dimen195
\pgf@pathminx=\dimen196
\pgf@pathmaxx=\dimen197
\pgf@pathminy=\dimen198
\pgf@pathmaxy=\dimen199
\pgf@xx=\dimen200
\pgf@xy=\dimen201
\pgf@yx=\dimen202
\pgf@yy=\dimen203
\pgf@zx=\dimen204
\pgf@zy=\dimen205
)
(/usr/local/texlive/2015/texmf-dist/tex/generic/pgf/basiclayer/pgfcorepathconst
ruct.code.tex
File: pgfcorepathconstruct.code.tex 2013/10/07  (rcs-revision 1.29)
\pgf@path@lastx=\dimen206
\pgf@path@lasty=\dimen207
)
(/usr/local/texlive/2015/texmf-dist/tex/generic/pgf/basiclayer/pgfcorepathusage
.code.tex
File: pgfcorepathusage.code.tex 2013/12/13  (rcs-revision 1.23)
\pgf@shorten@end@additional=\dimen208
\pgf@shorten@start@additional=\dimen209
)
(/usr/local/texlive/2015/texmf-dist/tex/generic/pgf/basiclayer/pgfcorescopes.co
de.tex
File: pgfcorescopes.code.tex 2013/10/09  (rcs-revision 1.44)
\pgfpic=\box42
\pgf@hbox=\box43
\pgf@layerbox@main=\box44
\pgf@picture@serial@count=\count134
)
(/usr/local/texlive/2015/texmf-dist/tex/generic/pgf/basiclayer/pgfcoregraphicst
ate.code.tex
File: pgfcoregraphicstate.code.tex 2013/09/19  (rcs-revision 1.11)
\pgflinewidth=\dimen210
)
(/usr/local/texlive/2015/texmf-dist/tex/generic/pgf/basiclayer/pgfcoretransform
ations.code.tex
File: pgfcoretransformations.code.tex 2013/10/10  (rcs-revision 1.17)
\pgf@pt@x=\dimen211
\pgf@pt@y=\dimen212
\pgf@pt@temp=\dimen213
)
(/usr/local/texlive/2015/texmf-dist/tex/generic/pgf/basiclayer/pgfcorequick.cod
e.tex
File: pgfcorequick.code.tex 2008/10/09  (rcs-revision 1.3)
)
(/usr/local/texlive/2015/texmf-dist/tex/generic/pgf/basiclayer/pgfcoreobjects.c
ode.tex
File: pgfcoreobjects.code.tex 2006/10/11  (rcs-revision 1.2)
)
(/usr/local/texlive/2015/texmf-dist/tex/generic/pgf/basiclayer/pgfcorepathproce
ssing.code.tex
File: pgfcorepathprocessing.code.tex 2013/09/09  (rcs-revision 1.9)
)
(/usr/local/texlive/2015/texmf-dist/tex/generic/pgf/basiclayer/pgfcorearrows.co
de.tex
File: pgfcorearrows.code.tex 2013/11/07  (rcs-revision 1.40)
\pgfarrowsep=\dimen214
)
(/usr/local/texlive/2015/texmf-dist/tex/generic/pgf/basiclayer/pgfcoreshade.cod
e.tex
File: pgfcoreshade.code.tex 2013/07/15  (rcs-revision 1.15)
\pgf@max=\dimen215
\pgf@sys@shading@range@num=\count135
)
(/usr/local/texlive/2015/texmf-dist/tex/generic/pgf/basiclayer/pgfcoreimage.cod
e.tex
File: pgfcoreimage.code.tex 2013/07/15  (rcs-revision 1.18)

(/usr/local/texlive/2015/texmf-dist/tex/generic/pgf/basiclayer/pgfcoreexternal.
code.tex
File: pgfcoreexternal.code.tex 2013/07/15  (rcs-revision 1.20)
\pgfexternal@startupbox=\box45
))
(/usr/local/texlive/2015/texmf-dist/tex/generic/pgf/basiclayer/pgfcorelayers.co
de.tex
File: pgfcorelayers.code.tex 2013/07/18  (rcs-revision 1.7)
)
(/usr/local/texlive/2015/texmf-dist/tex/generic/pgf/basiclayer/pgfcoretranspare
ncy.code.tex
File: pgfcoretransparency.code.tex 2013/09/30  (rcs-revision 1.5)
)
(/usr/local/texlive/2015/texmf-dist/tex/generic/pgf/basiclayer/pgfcorepatterns.
code.tex
File: pgfcorepatterns.code.tex 2013/11/07  (rcs-revision 1.5)
)))
(/usr/local/texlive/2015/texmf-dist/tex/generic/pgf/modules/pgfmoduleshapes.cod
e.tex
File: pgfmoduleshapes.code.tex 2013/10/31  (rcs-revision 1.34)
\pgfnodeparttextbox=\box46
)
(/usr/local/texlive/2015/texmf-dist/tex/generic/pgf/modules/pgfmoduleplot.code.
tex
File: pgfmoduleplot.code.tex 2013/07/31  (rcs-revision 1.12)
)
(/usr/local/texlive/2015/texmf-dist/tex/latex/pgf/compatibility/pgfcomp-version
-0-65.sty
Package: pgfcomp-version-0-65 2007/07/03 v3.0.0 (rcs-revision 1.7)
\pgf@nodesepstart=\dimen216
\pgf@nodesepend=\dimen217
)
(/usr/local/texlive/2015/texmf-dist/tex/latex/pgf/compatibility/pgfcomp-version
-1-18.sty
Package: pgfcomp-version-1-18 2007/07/23 v3.0.0 (rcs-revision 1.1)
)) (/usr/local/texlive/2015/texmf-dist/tex/latex/tools/verbatim.sty
Package: verbatim 2014/10/28 v1.5q LaTeX2e package for verbatim enhancements
\every@verbatim=\toks39
\verbatim@line=\toks40
\verbatim@in@stream=\read2
)
(/usr/local/texlive/2015/texmf-dist/tex/latex/environ/environ.sty
Package: environ 2014/05/04 v0.3 A new way to define environments

(/usr/local/texlive/2015/texmf-dist/tex/latex/trimspaces/trimspaces.sty
Package: trimspaces 2009/09/17 v1.1 Trim spaces around a token list
))
(/usr/local/texlive/2015/texmf-dist/tex/latex/etoolbox/etoolbox.sty
Package: etoolbox 2015/05/04 v2.2 e-TeX tools for LaTeX (JAW)
\etb@tempcnta=\count136
)
\tcb@titlebox=\box47
\tcb@upperbox=\box48
\tcb@lowerbox=\box49
\tcb@phantombox=\box50
\c@tcbbreakpart=\count137
\c@tcblayer=\count138
\tcb@temp=\box51
\tcb@temp=\box52
\tcb@temp=\box53
\tcb@temp=\box54
\tcb@out=\write5
\tcb@record@out=\write6
)
(/usr/local/texlive/2015/texmf-dist/tex/latex/jknapltx/mathrsfs.sty
Package: mathrsfs 1996/01/01 Math RSFS package v1.0 (jk)
\symrsfs=\mathgroup14
)
(/usr/local/texlive/2015/texmf-dist/tex/latex/float/float.sty
Package: float 2001/11/08 v1.3d Float enhancements (AL)
\c@float@type=\count139
\float@exts=\toks41
\float@box=\box55
\@float@everytoks=\toks42
\@floatcapt=\box56
)
(/usr/local/texlive/2015/texmf-dist/tex/latex/todonotes/todonotes.sty
Package: todonotes 2012/07/25 .dtx Todonotes source and documentation.
Package: todonotes 2012/07/25

(/usr/local/texlive/2015/texmf-dist/tex/latex/base/ifthen.sty
Package: ifthen 2014/09/29 v1.1c Standard LaTeX ifthen package (DPC)
)
(/usr/local/texlive/2015/texmf-dist/tex/latex/pgf/frontendlayer/tikz.sty
(/usr/local/texlive/2015/texmf-dist/tex/latex/pgf/utilities/pgffor.sty
(/usr/local/texlive/2015/texmf-dist/tex/latex/pgf/utilities/pgfkeys.sty
(/usr/local/texlive/2015/texmf-dist/tex/generic/pgf/utilities/pgfkeys.code.tex)
) (/usr/local/texlive/2015/texmf-dist/tex/latex/pgf/math/pgfmath.sty
(/usr/local/texlive/2015/texmf-dist/tex/generic/pgf/math/pgfmath.code.tex))
(/usr/local/texlive/2015/texmf-dist/tex/generic/pgf/utilities/pgffor.code.tex
Package: pgffor 2013/12/13 v3.0.0 (rcs-revision 1.25)

(/usr/local/texlive/2015/texmf-dist/tex/generic/pgf/math/pgfmath.code.tex)
\pgffor@iter=\dimen218
\pgffor@skip=\dimen219
\pgffor@stack=\toks43
\pgffor@toks=\toks44
))
(/usr/local/texlive/2015/texmf-dist/tex/generic/pgf/frontendlayer/tikz/tikz.cod
e.tex
Package: tikz 2013/12/13 v3.0.0 (rcs-revision 1.142)

(/usr/local/texlive/2015/texmf-dist/tex/generic/pgf/libraries/pgflibraryplothan
dlers.code.tex
File: pgflibraryplothandlers.code.tex 2013/08/31 v3.0.0 (rcs-revision 1.20)
\pgf@plot@mark@count=\count140
\pgfplotmarksize=\dimen220
)
\tikz@lastx=\dimen221
\tikz@lasty=\dimen222
\tikz@lastxsaved=\dimen223
\tikz@lastysaved=\dimen224
\tikzleveldistance=\dimen225
\tikzsiblingdistance=\dimen226
\tikz@figbox=\box57
\tikz@figbox@bg=\box58
\tikz@tempbox=\box59
\tikz@tempbox@bg=\box60
\tikztreelevel=\count141
\tikznumberofchildren=\count142
\tikznumberofcurrentchild=\count143
\tikz@fig@count=\count144

(/usr/local/texlive/2015/texmf-dist/tex/generic/pgf/modules/pgfmodulematrix.cod
e.tex
File: pgfmodulematrix.code.tex 2013/09/17  (rcs-revision 1.8)
\pgfmatrixcurrentrow=\count145
\pgfmatrixcurrentcolumn=\count146
\pgf@matrix@numberofcolumns=\count147
)
\tikz@expandcount=\count148

(/usr/local/texlive/2015/texmf-dist/tex/generic/pgf/frontendlayer/tikz/librarie
s/tikzlibrarytopaths.code.tex
File: tikzlibrarytopaths.code.tex 2008/06/17 v3.0.0 (rcs-revision 1.2)
)))
(/usr/local/texlive/2015/texmf-dist/tex/generic/pgf/frontendlayer/tikz/librarie
s/tikzlibrarypositioning.code.tex
File: tikzlibrarypositioning.code.tex 2008/10/06 v3.0.0 (rcs-revision 1.7)
)
\c@@todonotes@numberoftodonotes=\count149
)
(/usr/local/texlive/2015/texmf-dist/tex/latex/tools/afterpage.sty
Package: afterpage 2014/10/28 v1.08 After-Page Package (DPC)
\AP@output=\toks45
\AP@partial=\box61
\AP@footins=\box62
)
(/usr/local/texlive/2015/texmf-dist/tex/latex/url/url.sty
\Urlmuskip=\muskip11
Package: url 2013/09/16  ver 3.4  Verb mode for urls, etc.
)
(/usr/local/texlive/2015/texmf-dist/tex/latex/hyperref/hyperref.sty
Package: hyperref 2012/11/06 v6.83m Hypertext links for LaTeX

(/usr/local/texlive/2015/texmf-dist/tex/generic/oberdiek/hobsub-hyperref.sty
Package: hobsub-hyperref 2012/05/28 v1.13 Bundle oberdiek, subset hyperref (HO)


(/usr/local/texlive/2015/texmf-dist/tex/generic/oberdiek/hobsub-generic.sty
Package: hobsub-generic 2012/05/28 v1.13 Bundle oberdiek, subset generic (HO)
Package: hobsub 2012/05/28 v1.13 Construct package bundles (HO)
Package hobsub Info: Skipping package `infwarerr' (already loaded).
Package hobsub Info: Skipping package `ltxcmds' (already loaded).
Package hobsub Info: Skipping package `ifluatex' (already loaded).
Package hobsub Info: Skipping package `ifvtex' (already loaded).
Package: intcalc 2007/09/27 v1.1 Expandable calculations with integers (HO)
Package hobsub Info: Skipping package `ifpdf' (already loaded).
Package: etexcmds 2011/02/16 v1.5 Avoid name clashes with e-TeX commands (HO)
Package etexcmds Info: Could not find \expanded.
(etexcmds)             That can mean that you are not using pdfTeX 1.50 or
(etexcmds)             that some package has redefined \expanded.
(etexcmds)             In the latter case, load this package earlier.
Package: kvsetkeys 2012/04/25 v1.16 Key value parser (HO)
Package: kvdefinekeys 2011/04/07 v1.3 Define keys (HO)
Package: pdftexcmds 2011/11/29 v0.20 Utility functions of pdfTeX for LuaTeX (HO
)
Package pdftexcmds Info: LuaTeX not detected.
Package pdftexcmds Info: \pdf@primitive is available.
Package pdftexcmds Info: \pdf@ifprimitive is available.
Package pdftexcmds Info: \pdfdraftmode found.
Package: pdfescape 2011/11/25 v1.13 Implements pdfTeX's escape features (HO)
Package: bigintcalc 2012/04/08 v1.3 Expandable calculations on big integers (HO
)
Package: bitset 2011/01/30 v1.1 Handle bit-vector datatype (HO)
Package: uniquecounter 2011/01/30 v1.2 Provide unlimited unique counter (HO)
)
Package hobsub Info: Skipping package `hobsub' (already loaded).
Package: letltxmacro 2010/09/02 v1.4 Let assignment for LaTeX macros (HO)
Package: hopatch 2012/05/28 v1.2 Wrapper for package hooks (HO)
Package: xcolor-patch 2011/01/30 xcolor patch
Package: atveryend 2011/06/30 v1.8 Hooks at the very end of document (HO)
Package: atbegshi 2011/10/05 v1.16 At begin shipout hook (HO)
Package: refcount 2011/10/16 v3.4 Data extraction from label references (HO)
Package: hycolor 2011/01/30 v1.7 Color options for hyperref/bookmark (HO)
)
(/usr/local/texlive/2015/texmf-dist/tex/latex/oberdiek/auxhook.sty
Package: auxhook 2011/03/04 v1.3 Hooks for auxiliary files (HO)
)
(/usr/local/texlive/2015/texmf-dist/tex/latex/oberdiek/kvoptions.sty
Package: kvoptions 2011/06/30 v3.11 Key value format for package options (HO)
)
\@linkdim=\dimen227
\Hy@linkcounter=\count150
\Hy@pagecounter=\count151

(/usr/local/texlive/2015/texmf-dist/tex/latex/hyperref/pd1enc.def
File: pd1enc.def 2012/11/06 v6.83m Hyperref: PDFDocEncoding definition (HO)
)
\Hy@SavedSpaceFactor=\count152

(/usr/local/texlive/2015/texmf-dist/tex/latex/latexconfig/hyperref.cfg
File: hyperref.cfg 2002/06/06 v1.2 hyperref configuration of TeXLive
)
Package hyperref Info: Option `draft' set `true' on input line 4319.
Package hyperref Info: Hyper figures OFF on input line 4443.
Package hyperref Info: Link nesting OFF on input line 4448.
Package hyperref Info: Hyper index ON on input line 4451.
Package hyperref Info: Plain pages OFF on input line 4458.
Package hyperref Info: Backreferencing OFF on input line 4463.
Package hyperref Info: Implicit mode ON; LaTeX internals redefined.
Package hyperref Info: Bookmarks ON on input line 4688.
\c@Hy@tempcnt=\count153
LaTeX Info: Redefining \url on input line 5041.
\XeTeXLinkMargin=\dimen228
\Fld@menulength=\count154
\Field@Width=\dimen229
\Fld@charsize=\dimen230
Package hyperref Info: Hyper figures OFF on input line 6295.
Package hyperref Info: Link nesting OFF on input line 6300.
Package hyperref Info: Hyper index ON on input line 6303.
Package hyperref Info: backreferencing OFF on input line 6310.
Package hyperref Info: Link coloring OFF on input line 6315.
Package hyperref Info: Link coloring with OCG OFF on input line 6320.
Package hyperref Info: PDF/A mode OFF on input line 6325.
LaTeX Info: Redefining \ref on input line 6365.
LaTeX Info: Redefining \pageref on input line 6369.
\Hy@abspage=\count155
\c@Item=\count156
\c@Hfootnote=\count157
)

Package hyperref Message: Driver (autodetected): hpdftex.

(/usr/local/texlive/2015/texmf-dist/tex/latex/hyperref/hpdftex.def
File: hpdftex.def 2012/11/06 v6.83m Hyperref driver for pdfTeX
\Fld@listcount=\count158
\c@bookmark@seq@number=\count159

(/usr/local/texlive/2015/texmf-dist/tex/latex/oberdiek/rerunfilecheck.sty
Package: rerunfilecheck 2011/04/15 v1.7 Rerun checks for auxiliary files (HO)
Package uniquecounter Info: New unique counter `rerunfilecheck' on input line 2
82.
)
\Hy@SectionHShift=\skip58
)
(/usr/local/texlive/2015/texmf-dist/tex/latex/footmisc/footmisc.sty
Package: footmisc 2011/06/06 v5.5b a miscellany of footnote facilities
\FN@temptoken=\toks46
\footnotemargin=\dimen231
\c@pp@next@reset=\count160
Package footmisc Info: Declaring symbol style bringhurst on input line 855.
Package footmisc Info: Declaring symbol style chicago on input line 863.
Package footmisc Info: Declaring symbol style wiley on input line 872.
Package footmisc Info: Declaring symbol style lamport-robust on input line 883.

Package footmisc Info: Declaring symbol style lamport* on input line 903.
Package footmisc Info: Declaring symbol style lamport*-robust on input line 924
.
)
(./paper.aux)
\openout1 = `paper.aux'.

LaTeX Font Info:    Checking defaults for OML/ntxmi/m/it on input line 49.
LaTeX Font Info:    Try loading font information for OML+ntxmi on input line 49
.
 (/usr/local/texlive/2015/texmf-dist/tex/latex/newtx/omlntxmi.fd
File: omlntxmi.fd 2012/03/22 Fontinst v1.933 font definitions for OML/ntxmi.
)
LaTeX Font Info:    ... okay on input line 49.
LaTeX Font Info:    Checking defaults for T1/cmr/m/n on input line 49.
LaTeX Font Info:    ... okay on input line 49.
LaTeX Font Info:    Checking defaults for OT1/cmr/m/n on input line 49.
LaTeX Font Info:    ... okay on input line 49.
LaTeX Font Info:    Checking defaults for OMS/ntxsy/m/n on input line 49.
LaTeX Font Info:    Try loading font information for OMS+ntxsy on input line 49
.

(/usr/local/texlive/2015/texmf-dist/tex/latex/newtx/omsntxsy.fd
File: omsntxsy.fd 2012/11/14 Fontinst v1.933 font definitions for OMS/ntxsy.
)
LaTeX Font Info:    ... okay on input line 49.
LaTeX Font Info:    Checking defaults for OMX/cmex/m/n on input line 49.
LaTeX Font Info:    ... okay on input line 49.
LaTeX Font Info:    Checking defaults for U/ntxexa/m/n on input line 49.
LaTeX Font Info:    Try loading font information for U+ntxexa on input line 49.


(/usr/local/texlive/2015/texmf-dist/tex/latex/newtx/untxexa.fd
File: untxexa.fd 2012/04/16 Fontinst v1.933 font definitions for U/ntxexa.
)
LaTeX Font Info:    ... okay on input line 49.
LaTeX Font Info:    Checking defaults for LMX/ntxexx/m/n on input line 49.
LaTeX Font Info:    ... okay on input line 49.
LaTeX Font Info:    Checking defaults for PD1/pdf/m/n on input line 49.
LaTeX Font Info:    ... okay on input line 49.
LaTeX Font Info:    Try loading font information for OT1+ppl on input line 49.

(/usr/local/texlive/2015/texmf-dist/tex/latex/psnfss/ot1ppl.fd
File: ot1ppl.fd 2001/06/04 font definitions for OT1/ppl.
)
*geometry* driver: auto-detecting
*geometry* detected driver: pdftex
*geometry* verbose mode - [ preamble ] result:
* driver: pdftex
* paper: <default>
* layout: <same size as paper>
* layoutoffset:(h,v)=(0.0pt,0.0pt)
* modes: 
* h-part:(L,W,R)=(79.49744pt, 455.30013pt, 79.49744pt)
* v-part:(T,H,B)=(72.26999pt, 650.43001pt, 72.26999pt)
* \paperwidth=614.295pt
* \paperheight=794.96999pt
* \textwidth=455.30013pt
* \textheight=650.43001pt
* \oddsidemargin=7.22745pt
* \evensidemargin=7.22745pt
* \topmargin=-37.0pt
* \headheight=12.0pt
* \headsep=25.0pt
* \topskip=12.0pt
* \footskip=30.0pt
* \marginparwidth=44.0pt
* \marginparsep=10.0pt
* \columnsep=10.0pt
* \skip\footins=10.8pt plus 4.0pt minus 2.0pt
* \hoffset=0.0pt
* \voffset=0.0pt
* \mag=1000
* \@twocolumnfalse
* \@twosidefalse
* \@mparswitchfalse
* \@reversemarginfalse
* (1in=72.27pt=25.4mm, 1cm=28.453pt)

(/usr/local/texlive/2015/texmf-dist/tex/context/base/supp-pdf.mkii
[Loading MPS to PDF converter (version 2006.09.02).]
\scratchcounter=\count161
\scratchdimen=\dimen232
\scratchbox=\box63
\nofMPsegments=\count162
\nofMParguments=\count163
\everyMPshowfont=\toks47
\MPscratchCnt=\count164
\MPscratchDim=\dimen233
\MPnumerator=\count165
\makeMPintoPDFobject=\count166
\everyMPtoPDFconversion=\toks48
) (/usr/local/texlive/2015/texmf-dist/tex/latex/oberdiek/epstopdf-base.sty
Package: epstopdf-base 2010/02/09 v2.5 Base part for package epstopdf

(/usr/local/texlive/2015/texmf-dist/tex/latex/oberdiek/grfext.sty
Package: grfext 2010/08/19 v1.1 Manage graphics extensions (HO)
)
Package grfext Info: Graphics extension search list:
(grfext)             [.png,.pdf,.jpg,.mps,.jpeg,.jbig2,.jb2,.PNG,.PDF,.JPG,.JPE
G,.JBIG2,.JB2,.eps]
(grfext)             \AppendGraphicsExtensions on input line 452.

(/usr/local/texlive/2015/texmf-dist/tex/latex/latexconfig/epstopdf-sys.cfg
File: epstopdf-sys.cfg 2010/07/13 v1.3 Configuration of (r)epstopdf for TeX Liv
e
))
Package caption Info: Begin \AtBeginDocument code.
Package caption Info: float package is loaded.
Package caption Info: hyperref package is loaded.
Package caption Info: End \AtBeginDocument code.

ABD: EveryShipout initializing macros
\AtBeginShipoutBox=\box64


Package hyperref Warning: Draft mode on.

Package hyperref Info: Link coloring OFF on input line 49.
(/usr/local/texlive/2015/texmf-dist/tex/latex/hyperref/nameref.sty
Package: nameref 2012/10/27 v2.43 Cross-referencing by name of section

(/usr/local/texlive/2015/texmf-dist/tex/generic/oberdiek/gettitlestring.sty
Package: gettitlestring 2010/12/03 v1.4 Cleanup title references (HO)
)
\c@section@level=\count167
)
LaTeX Info: Redefining \ref on input line 49.
LaTeX Info: Redefining \pageref on input line 49.
LaTeX Info: Redefining \nameref on input line 49.
LaTeX Font Info:    Try loading font information for U+msa on input line 61.

(/usr/local/texlive/2015/texmf-dist/tex/latex/amsfonts/umsa.fd
File: umsa.fd 2013/01/14 v3.01 AMS symbols A
)
LaTeX Font Info:    Try loading font information for U+msb on input line 61.

(/usr/local/texlive/2015/texmf-dist/tex/latex/amsfonts/umsb.fd
File: umsb.fd 2013/01/14 v3.01 AMS symbols B
)
LaTeX Font Info:    Try loading font information for U+ntxmia on input line 61.


(/usr/local/texlive/2015/texmf-dist/tex/latex/newtx/untxmia.fd
File: untxmia.fd 2012/04/16 Fontinst v1.933 font definitions for U/ntxmia.
)
LaTeX Font Info:    Try loading font information for U+ntxsym on input line 61.


(/usr/local/texlive/2015/texmf-dist/tex/latex/newtx/untxsym.fd
File: untxsym.fd 2015/03/20 Fontinst v1.933 font definitions for U/ntxsym.
)
LaTeX Font Info:    Try loading font information for U+ntxsyc on input line 61.


(/usr/local/texlive/2015/texmf-dist/tex/latex/newtx/untxsyc.fd
File: untxsyc.fd 2012/04/12 Fontinst v1.933 font definitions for U/ntxsyc.
)
LaTeX Font Info:    Try loading font information for U+rsfs on input line 61.

(/usr/local/texlive/2015/texmf-dist/tex/latex/jknapltx/ursfs.fd
File: ursfs.fd 1998/03/24 rsfs font definition file (jk)
)

LaTeX Font Warning: Font shape `U/rsfs/m/n' in size <10.5> not available
(Font)              size <10.95> substituted on input line 61.

LaTeX Font Info:    Try loading font information for OMS+ppl on input line 61.
(/usr/local/texlive/2015/texmf-dist/tex/latex/psnfss/omsppl.fd
File: omsppl.fd 
)
LaTeX Font Info:    Font shape `OMS/ppl/m/n' in size <10.5> not available
(Font)              Font shape `OMS/cmsy/m/n' tried instead on input line 61.


LaTeX Font Warning: Font shape `OMS/cmsy/m/n' in size <10.5> not available
(Font)              size <10.95> substituted on input line 61.


LaTeX Font Warning: Font shape `U/rsfs/m/n' in size <5.5> not available
(Font)              size <5> substituted on input line 61.

LaTeX Font Info:    Font shape `OMS/ppl/m/n' in size <7.3> not available
(Font)              Font shape `OMS/cmsy/m/n' tried instead on input line 61.
LaTeX Font Info:    Font shape `OT1/ppl/bx/n' in size <10.95> not available
(Font)              Font shape `OT1/ppl/b/n' tried instead on input line 61.
Package hyperref Info: bookmark level for unknown todo defaults to 0 on input l
ine 64.

Overfull \hbox (1.41628pt too wide) in paragraph at lines 64--64
\OT1/ppl/m/n/12 terms?  
 []


Overfull \hbox (1.41628pt too wide) in paragraph at lines 64--64
\OT1/ppl/m/n/12 terms?  
 []


Overfull \hbox (1.41628pt too wide) in paragraph at lines 64--64
\OT1/ppl/m/n/12 terms?  
 []


Overfull \hbox (1.41628pt too wide) in paragraph at lines 64--64
\OT1/ppl/m/n/12 terms?  
 []

(./tables/U_nl_per.tex)
Overfull \hbox (5.47241pt too wide) in paragraph at lines 64--64
\OT1/ppl/m/n/12 whom?  
 []


Overfull \hbox (5.47241pt too wide) in paragraph at lines 64--64
\OT1/ppl/m/n/12 whom?  
 []


Overfull \hbox (5.47241pt too wide) in paragraph at lines 64--64
\OT1/ppl/m/n/12 whom?  
 []


Overfull \hbox (5.47241pt too wide) in paragraph at lines 64--64
\OT1/ppl/m/n/12 whom?  
 []


Overfull \hbox (12.09613pt too wide) in paragraph at lines 64--64
[][][][]\OT1/ppl/m/n/12 ``Recoup 
 []


Overfull \hbox (0.62434pt too wide) in paragraph at lines 64--64
\OT1/ppl/m/n/12 would 
 []


Overfull \hbox (9.68428pt too wide) in paragraph at lines 64--64
\OT1/ppl/m/n/12 smooth- 
 []


Overfull \hbox (12.09613pt too wide) in paragraph at lines 64--64
[][][][]\OT1/ppl/m/n/12 ``Recoup 
 []


Overfull \hbox (0.62434pt too wide) in paragraph at lines 64--64
\OT1/ppl/m/n/12 would 
 []


Overfull \hbox (9.68428pt too wide) in paragraph at lines 64--64
\OT1/ppl/m/n/12 smooth- 
 []


Overfull \hbox (12.09613pt too wide) in paragraph at lines 64--64
[][][][]\OT1/ppl/m/n/12 ``Recoup 
 []


Overfull \hbox (0.62434pt too wide) in paragraph at lines 64--64
\OT1/ppl/m/n/12 would 
 []


Overfull \hbox (9.68428pt too wide) in paragraph at lines 64--64
\OT1/ppl/m/n/12 smooth- 
 []


Overfull \hbox (12.09613pt too wide) in paragraph at lines 64--64
[][][][]\OT1/ppl/m/n/12 ``Recoup 
 []


Overfull \hbox (0.62434pt too wide) in paragraph at lines 64--64
\OT1/ppl/m/n/12 would 
 []


Overfull \hbox (9.68428pt too wide) in paragraph at lines 64--64
\OT1/ppl/m/n/12 smooth- 
 []


LaTeX Warning: Marginpar on page 1 moved.


LaTeX Warning: Marginpar on page 1 moved.


LaTeX Warning: Marginpar on page 1 moved.

[0

{/usr/local/texlive/2015/texmf-var/fonts/map/pdftex/updmap/pdftex.map}]
LaTeX Font Info:    Font shape `OT1/ppl/bx/n' in size <14.4> not available
(Font)              Font shape `OT1/ppl/b/n' tried instead on input line 80.

Overfull \hbox (7.75217pt too wide) in paragraph at lines 82--82
\OT1/ppl/m/n/12 mately?  
 []


Overfull \hbox (7.75217pt too wide) in paragraph at lines 82--82
\OT1/ppl/m/n/12 mately?  
 []


Overfull \hbox (7.75217pt too wide) in paragraph at lines 82--82
\OT1/ppl/m/n/12 mately?  
 []


Overfull \hbox (7.75217pt too wide) in paragraph at lines 82--82
\OT1/ppl/m/n/12 mately?  
 []


Overfull \hbox (5.47241pt too wide) in paragraph at lines 84--84
\OT1/ppl/m/n/12 whom? 
 []


Overfull \hbox (1.65637pt too wide) in paragraph at lines 84--84
\OT1/ppl/m/n/12 maybe 
 []


Overfull \hbox (5.47241pt too wide) in paragraph at lines 84--84
\OT1/ppl/m/n/12 whom? 
 []


Overfull \hbox (1.65637pt too wide) in paragraph at lines 84--84
\OT1/ppl/m/n/12 maybe 
 []


Overfull \hbox (5.47241pt too wide) in paragraph at lines 84--84
\OT1/ppl/m/n/12 whom? 
 []


Overfull \hbox (1.65637pt too wide) in paragraph at lines 84--84
\OT1/ppl/m/n/12 maybe 
 []


Overfull \hbox (5.47241pt too wide) in paragraph at lines 84--84
\OT1/ppl/m/n/12 whom? 
 []


Overfull \hbox (1.65637pt too wide) in paragraph at lines 84--84
\OT1/ppl/m/n/12 maybe 
 []


Overfull \hbox (9.3002pt too wide) in paragraph at lines 84--84
\OT1/ppl/m/n/12 strained 
 []


Overfull \hbox (2.4723pt too wide) in paragraph at lines 84--84
\OT1/ppl/m/n/12 dence? 
 []


Overfull \hbox (3.096pt too wide) in paragraph at lines 84--84
\OT1/ppl/m/n/12 pelling 
 []


Overfull \hbox (3.10815pt too wide) in paragraph at lines 84--84
\OT1/ppl/m/n/12 clothes 
 []


Overfull \hbox (9.3002pt too wide) in paragraph at lines 84--84
\OT1/ppl/m/n/12 strained 
 []


Overfull \hbox (2.4723pt too wide) in paragraph at lines 84--84
\OT1/ppl/m/n/12 dence? 
 []


Overfull \hbox (3.096pt too wide) in paragraph at lines 84--84
\OT1/ppl/m/n/12 pelling 
 []


Overfull \hbox (3.10815pt too wide) in paragraph at lines 84--84
\OT1/ppl/m/n/12 clothes 
 []


Overfull \hbox (9.3002pt too wide) in paragraph at lines 84--84
\OT1/ppl/m/n/12 strained 
 []


Overfull \hbox (2.4723pt too wide) in paragraph at lines 84--84
\OT1/ppl/m/n/12 dence? 
 []


Overfull \hbox (3.096pt too wide) in paragraph at lines 84--84
\OT1/ppl/m/n/12 pelling 
 []


Overfull \hbox (3.10815pt too wide) in paragraph at lines 84--84
\OT1/ppl/m/n/12 clothes 
 []


Overfull \hbox (9.3002pt too wide) in paragraph at lines 84--84
\OT1/ppl/m/n/12 strained 
 []


Overfull \hbox (2.4723pt too wide) in paragraph at lines 84--84
\OT1/ppl/m/n/12 dence? 
 []


Overfull \hbox (3.096pt too wide) in paragraph at lines 84--84
\OT1/ppl/m/n/12 pelling 
 []


Overfull \hbox (3.10815pt too wide) in paragraph at lines 84--84
\OT1/ppl/m/n/12 clothes 
 []


Overfull \hbox (1.65637pt too wide) in paragraph at lines 84--84
\OT1/ppl/m/n/12 maybe 
 []


Overfull \hbox (10.12814pt too wide) in paragraph at lines 84--84
\OT1/ppl/m/n/12 whether 
 []


Overfull \hbox (1.65637pt too wide) in paragraph at lines 84--84
\OT1/ppl/m/n/12 maybe 
 []


Overfull \hbox (10.12814pt too wide) in paragraph at lines 84--84
\OT1/ppl/m/n/12 whether 
 []


Overfull \hbox (1.65637pt too wide) in paragraph at lines 84--84
\OT1/ppl/m/n/12 maybe 
 []


Overfull \hbox (10.12814pt too wide) in paragraph at lines 84--84
\OT1/ppl/m/n/12 whether 
 []


Overfull \hbox (1.65637pt too wide) in paragraph at lines 84--84
\OT1/ppl/m/n/12 maybe 
 []


Overfull \hbox (10.12814pt too wide) in paragraph at lines 84--84
\OT1/ppl/m/n/12 whether 
 []


Overfull \hbox (39.53925pt too wide) in paragraph at lines 84--84
\OT1/ppl/m/n/12 ter/electricity 
 []


Overfull \hbox (8.86818pt too wide) in paragraph at lines 84--84
\OT1/ppl/m/n/12 through 
 []


Overfull \hbox (1.66821pt too wide) in paragraph at lines 84--84
\OT1/ppl/m/n/12 credit? 
 []


Overfull \hbox (0.62434pt too wide) in paragraph at lines 84--84
\OT1/ppl/m/n/12 would 
 []


Overfull \hbox (9.68428pt too wide) in paragraph at lines 84--84
\OT1/ppl/m/n/12 smooth- 
 []


Overfull \hbox (9.68428pt too wide) in paragraph at lines 84--84
\OT1/ppl/m/n/12 smooth- 
 []


Overfull \hbox (39.53925pt too wide) in paragraph at lines 84--84
\OT1/ppl/m/n/12 ter/electricity 
 []


Overfull \hbox (8.86818pt too wide) in paragraph at lines 84--84
\OT1/ppl/m/n/12 through 
 []


Overfull \hbox (1.66821pt too wide) in paragraph at lines 84--84
\OT1/ppl/m/n/12 credit? 
 []


Overfull \hbox (0.62434pt too wide) in paragraph at lines 84--84
\OT1/ppl/m/n/12 would 
 []


Overfull \hbox (9.68428pt too wide) in paragraph at lines 84--84
\OT1/ppl/m/n/12 smooth- 
 []


Overfull \hbox (9.68428pt too wide) in paragraph at lines 84--84
\OT1/ppl/m/n/12 smooth- 
 []


Overfull \hbox (39.53925pt too wide) in paragraph at lines 84--84
\OT1/ppl/m/n/12 ter/electricity 
 []


Overfull \hbox (8.86818pt too wide) in paragraph at lines 84--84
\OT1/ppl/m/n/12 through 
 []


Overfull \hbox (1.66821pt too wide) in paragraph at lines 84--84
\OT1/ppl/m/n/12 credit? 
 []


Overfull \hbox (0.62434pt too wide) in paragraph at lines 84--84
\OT1/ppl/m/n/12 would 
 []


Overfull \hbox (9.68428pt too wide) in paragraph at lines 84--84
\OT1/ppl/m/n/12 smooth- 
 []


Overfull \hbox (9.68428pt too wide) in paragraph at lines 84--84
\OT1/ppl/m/n/12 smooth- 
 []


Overfull \hbox (39.53925pt too wide) in paragraph at lines 84--84
\OT1/ppl/m/n/12 ter/electricity 
 []


Overfull \hbox (8.86818pt too wide) in paragraph at lines 84--84
\OT1/ppl/m/n/12 through 
 []


Overfull \hbox (1.66821pt too wide) in paragraph at lines 84--84
\OT1/ppl/m/n/12 credit? 
 []


Overfull \hbox (0.62434pt too wide) in paragraph at lines 84--84
\OT1/ppl/m/n/12 would 
 []


Overfull \hbox (9.68428pt too wide) in paragraph at lines 84--84
\OT1/ppl/m/n/12 smooth- 
 []


Overfull \hbox (9.68428pt too wide) in paragraph at lines 84--84
\OT1/ppl/m/n/12 smooth- 
 []


LaTeX Warning: Marginpar on page 1 moved.


LaTeX Warning: Marginpar on page 1 moved.


LaTeX Warning: Marginpar on page 1 moved.


LaTeX Warning: Marginpar on page 1 moved.


LaTeX Warning: Marginpar on page 1 moved.


LaTeX Warning: Marginpar on page 1 moved.

[1]
Overfull \hbox (1.3442pt too wide) in paragraph at lines 90--90
\OT1/ppl/m/n/12 there's 
 []


Overfull \hbox (7.76419pt too wide) in paragraph at lines 90--90
\OT1/ppl/m/n/12 cheaper 
 []


Overfull \hbox (1.3442pt too wide) in paragraph at lines 90--90
\OT1/ppl/m/n/12 there's 
 []


Overfull \hbox (7.76419pt too wide) in paragraph at lines 90--90
\OT1/ppl/m/n/12 cheaper 
 []


Overfull \hbox (1.3442pt too wide) in paragraph at lines 90--90
\OT1/ppl/m/n/12 there's 
 []


Overfull \hbox (7.76419pt too wide) in paragraph at lines 90--90
\OT1/ppl/m/n/12 cheaper 
 []


Overfull \hbox (1.3442pt too wide) in paragraph at lines 90--90
\OT1/ppl/m/n/12 there's 
 []


Overfull \hbox (7.76419pt too wide) in paragraph at lines 90--90
\OT1/ppl/m/n/12 cheaper 
 []


Overfull \hbox (1.33232pt too wide) in paragraph at lines 91--91
\OT1/ppl/m/n/12 what's 
 []


Overfull \hbox (6.3604pt too wide) in paragraph at lines 91--91
\OT1/ppl/m/n/12 "loan"? 
 []


Overfull \hbox (1.33232pt too wide) in paragraph at lines 91--91
\OT1/ppl/m/n/12 what's 
 []


Overfull \hbox (6.3604pt too wide) in paragraph at lines 91--91
\OT1/ppl/m/n/12 "loan"? 
 []


Overfull \hbox (1.33232pt too wide) in paragraph at lines 91--91
\OT1/ppl/m/n/12 what's 
 []


Overfull \hbox (6.3604pt too wide) in paragraph at lines 91--91
\OT1/ppl/m/n/12 "loan"? 
 []


Overfull \hbox (1.33232pt too wide) in paragraph at lines 91--91
\OT1/ppl/m/n/12 what's 
 []


Overfull \hbox (6.3604pt too wide) in paragraph at lines 91--91
\OT1/ppl/m/n/12 "loan"? 
 []


LaTeX Warning: Marginpar on page 2 moved.


Overfull \hbox (5.13625pt too wide) in paragraph at lines 94--94
\OT1/ppl/m/n/12 lenders 
 []


Overfull \hbox (5.13625pt too wide) in paragraph at lines 94--94
\OT1/ppl/m/n/12 lenders 
 []


Overfull \hbox (5.13625pt too wide) in paragraph at lines 94--94
\OT1/ppl/m/n/12 lenders 
 []


Overfull \hbox (5.13625pt too wide) in paragraph at lines 94--94
\OT1/ppl/m/n/12 lenders 
 []


Overfull \hbox (2.55637pt too wide) in paragraph at lines 95--95
\OT1/ppl/m/n/12 money 
 []


Overfull \hbox (2.55637pt too wide) in paragraph at lines 95--95
\OT1/ppl/m/n/12 money 
 []


Overfull \hbox (2.55637pt too wide) in paragraph at lines 95--95
\OT1/ppl/m/n/12 money 
 []


Overfull \hbox (2.55637pt too wide) in paragraph at lines 95--95
\OT1/ppl/m/n/12 money 
 []


Overfull \hbox (15.14433pt too wide) in paragraph at lines 95--95
[][][][]\OT1/ppl/m/n/12 Compare 
 []


Overfull \hbox (15.14433pt too wide) in paragraph at lines 95--95
[][][][]\OT1/ppl/m/n/12 Compare 
 []


Overfull \hbox (15.14433pt too wide) in paragraph at lines 95--95
[][][][]\OT1/ppl/m/n/12 Compare 
 []


Overfull \hbox (15.14433pt too wide) in paragraph at lines 95--95
[][][][]\OT1/ppl/m/n/12 Compare 
 []


LaTeX Warning: Marginpar on page 2 moved.


LaTeX Warning: Marginpar on page 2 moved.


LaTeX Warning: Marginpar on page 2 moved.


LaTeX Warning: Marginpar on page 2 moved.

(./tables/U_nl_abs.tex) (./tables/U_nl_abs_usd.tex) (./tables/U_nl_per.tex)
Overfull \hbox (1.6083pt too wide) in paragraph at lines 97--97
\OT1/ppl/m/n/12 house- 
 []


Overfull \hbox (1.6083pt too wide) in paragraph at lines 97--97
\OT1/ppl/m/n/12 house- 
 []


Overfull \hbox (1.6083pt too wide) in paragraph at lines 97--97
\OT1/ppl/m/n/12 house- 
 []


Overfull \hbox (1.6083pt too wide) in paragraph at lines 97--97
\OT1/ppl/m/n/12 house- 
 []


LaTeX Warning: Marginpar on page 2 moved.

(./tables/U_ppe_abs.tex) (./tables/U_ppe_abs_usd.tex) (./tables/U_pp_abs.tex)
(./tables/U_pp_abs_usd.tex)
Overfull \hbox (28.11612pt too wide) in paragraph at lines 101--101
[][][][]\OT1/ppl/m/n/12 Decompose 
 []


Overfull \hbox (9.68428pt too wide) in paragraph at lines 101--101
\OT1/ppl/m/n/12 smooth- 
 []


Overfull \hbox (28.11612pt too wide) in paragraph at lines 101--101
[][][][]\OT1/ppl/m/n/12 Decompose 
 []


Overfull \hbox (9.68428pt too wide) in paragraph at lines 101--101
\OT1/ppl/m/n/12 smooth- 
 []


Overfull \hbox (28.11612pt too wide) in paragraph at lines 101--101
[][][][]\OT1/ppl/m/n/12 Decompose 
 []


Overfull \hbox (9.68428pt too wide) in paragraph at lines 101--101
\OT1/ppl/m/n/12 smooth- 
 []


Overfull \hbox (28.11612pt too wide) in paragraph at lines 101--101
[][][][]\OT1/ppl/m/n/12 Decompose 
 []


Overfull \hbox (9.68428pt too wide) in paragraph at lines 101--101
\OT1/ppl/m/n/12 smooth- 
 []

(./tables/U_ppe_abs_usd_per.tex) (./tables/U_pp_abs_usd_per.tex) [2]

LaTeX Warning: Marginpar on page 3 moved.


Overfull \hbox (9.99597pt too wide) in paragraph at lines 105--105
\OT1/ppl/m/n/12 bribery?  
 []


Overfull \hbox (9.99597pt too wide) in paragraph at lines 105--105
\OT1/ppl/m/n/12 bribery?  
 []


Overfull \hbox (9.99597pt too wide) in paragraph at lines 105--105
\OT1/ppl/m/n/12 bribery?  
 []


Overfull \hbox (9.99597pt too wide) in paragraph at lines 105--105
\OT1/ppl/m/n/12 bribery?  
 []


LaTeX Warning: Marginpar on page 3 moved.

[3] (./tables/wloan.tex) (./tables/money_lender.tex)
(./tables/micro_finance.tex) (./tables/irate.tex) [4]
(./tables/days_delinquent_all.tex) (./tables/bill_all.tex)
(./tables/pay_size_all.tex) (./tables/pay_freq.tex) (./tables/balance_all.tex)
(./tables/y_avg.tex) (./tables/meanloansize.tex) (./tables/meanloanlength.tex)
(./tables/prob_caught.tex) (./tables/prob_caught_min.tex)
(./tables/prob_caught_max.tex) (./tables/tcd_max.tex)
(./tables/tcd_share_pay.tex) (./tables/days_pay_under_30.tex)
(./tables/days_pay_average.tex) (./tables/enough_time.tex) (./tables/t_rec.tex)
(./tables/out_bal.tex) [5]
LaTeX Font Info:    Font shape `OT1/ppl/bx/n' in size <12> not available
(Font)              Font shape `OT1/ppl/b/n' tried instead on input line 193.
 (./tables/descriptives_all.tex) (./tables/center.tex) (./tables/maynilad.tex) 
(./tables/atm.tex) [6]
(./tables/table_panel_analysis.tex) [7] [8] [9] [10]
Overfull \hbox (8.25153pt too wide) in paragraph at lines 345--346
[]\OT1/ppl/m/n/12 The house-hold's max-i-miza-tion prob-lem can then be writ-te
n re-cur-sively where house-
 []

[11] [12] (./tables/y_avg.tex)
Overfull \hbox (8.25604pt too wide) in paragraph at lines 539--539
\OT1/ppl/m/n/12 thought 
 []


Overfull \hbox (8.25604pt too wide) in paragraph at lines 539--539
\OT1/ppl/m/n/12 thought 
 []


Overfull \hbox (8.25604pt too wide) in paragraph at lines 539--539
\OT1/ppl/m/n/12 thought 
 []


Overfull \hbox (8.25604pt too wide) in paragraph at lines 539--539
\OT1/ppl/m/n/12 thought 
 []

(./tables/irate.tex) (./tables/p_int.tex) (./tables/p_slope.tex)
(./tables/y_avg.tex) (./tables/prob_caught.tex) [13]
Overfull \hbox (3.18768pt too wide) in paragraph at lines 608--609
[]\OT1/ppl/m/n/12 Average con-sump-tion pri-mar-ily iden-ti-fies house-hold wa-
ter pref-er-ences. With Cobb-
 []


Overfull \hbox (1.65637pt too wide) in paragraph at lines 611--611
\OT1/ppl/m/n/12 maybe 
 []


Overfull \hbox (2.37634pt too wide) in paragraph at lines 611--611
\OT1/ppl/m/n/12 chance 
 []


Overfull \hbox (7.46416pt too wide) in paragraph at lines 611--611
\OT1/ppl/m/n/12 caught?  
 []


Overfull \hbox (1.65637pt too wide) in paragraph at lines 611--611
\OT1/ppl/m/n/12 maybe 
 []


Overfull \hbox (2.37634pt too wide) in paragraph at lines 611--611
\OT1/ppl/m/n/12 chance 
 []


Overfull \hbox (7.46416pt too wide) in paragraph at lines 611--611
\OT1/ppl/m/n/12 caught?  
 []


Overfull \hbox (1.65637pt too wide) in paragraph at lines 611--611
\OT1/ppl/m/n/12 maybe 
 []


Overfull \hbox (2.37634pt too wide) in paragraph at lines 611--611
\OT1/ppl/m/n/12 chance 
 []


Overfull \hbox (7.46416pt too wide) in paragraph at lines 611--611
\OT1/ppl/m/n/12 caught?  
 []


Overfull \hbox (1.65637pt too wide) in paragraph at lines 611--611
\OT1/ppl/m/n/12 maybe 
 []


Overfull \hbox (2.37634pt too wide) in paragraph at lines 611--611
\OT1/ppl/m/n/12 chance 
 []


Overfull \hbox (7.46416pt too wide) in paragraph at lines 611--611
\OT1/ppl/m/n/12 caught?  
 []


Overfull \hbox (7.04433pt too wide) in paragraph at lines 612--612
\OT1/ppl/m/n/12 shocks? 
 []


Overfull \hbox (0.62422pt too wide) in paragraph at lines 612--612
\OT1/ppl/m/n/12 higher 
 []


Overfull \hbox (1.05624pt too wide) in paragraph at lines 612--612
\OT1/ppl/m/n/12 nected 
 []


Overfull \hbox (1.7164pt too wide) in paragraph at lines 612--612
\OT1/ppl/m/n/12 shocks 
 []


Overfull \hbox (7.04433pt too wide) in paragraph at lines 612--612
\OT1/ppl/m/n/12 shocks? 
 []


Overfull \hbox (0.62422pt too wide) in paragraph at lines 612--612
\OT1/ppl/m/n/12 higher 
 []


Overfull \hbox (1.05624pt too wide) in paragraph at lines 612--612
\OT1/ppl/m/n/12 nected 
 []


Overfull \hbox (1.7164pt too wide) in paragraph at lines 612--612
\OT1/ppl/m/n/12 shocks 
 []


Overfull \hbox (7.04433pt too wide) in paragraph at lines 612--612
\OT1/ppl/m/n/12 shocks? 
 []


Overfull \hbox (0.62422pt too wide) in paragraph at lines 612--612
\OT1/ppl/m/n/12 higher 
 []


Overfull \hbox (1.05624pt too wide) in paragraph at lines 612--612
\OT1/ppl/m/n/12 nected 
 []


Overfull \hbox (1.7164pt too wide) in paragraph at lines 612--612
\OT1/ppl/m/n/12 shocks 
 []


Overfull \hbox (7.04433pt too wide) in paragraph at lines 612--612
\OT1/ppl/m/n/12 shocks? 
 []


Overfull \hbox (0.62422pt too wide) in paragraph at lines 612--612
\OT1/ppl/m/n/12 higher 
 []


Overfull \hbox (1.05624pt too wide) in paragraph at lines 612--612
\OT1/ppl/m/n/12 nected 
 []


Overfull \hbox (1.7164pt too wide) in paragraph at lines 612--612
\OT1/ppl/m/n/12 shocks 
 []


LaTeX Warning: Marginpar on page 14 moved.


LaTeX Warning: Marginpar on page 14 moved.


Overfull \hbox (8.25604pt too wide) in paragraph at lines 614--614
\OT1/ppl/m/n/12 thought 
 []


Overfull \hbox (8.25604pt too wide) in paragraph at lines 614--614
\OT1/ppl/m/n/12 thought 
 []


Overfull \hbox (8.25604pt too wide) in paragraph at lines 614--614
\OT1/ppl/m/n/12 thought 
 []


Overfull \hbox (8.25604pt too wide) in paragraph at lines 614--614
\OT1/ppl/m/n/12 thought 
 []

(./tables/disc_notice.tex) [14]

LaTeX Warning: Reference `eq:valmax' on page 15 undefined on input line 637.

(./tables/par_nA.tex) (./tables/par_sigA.tex) (./tables/par_Amin.tex)
(./tables/par_Amax.tex) (./tables/par_nB.tex) (./tables/par_sigB.tex)
(./tables/par_Bmin.tex) (./tables/par_totalsize.tex)
Overfull \hbox (2.27995pt too wide) in paragraph at lines 637--637
\OT1/ppl/m/n/12 pletely 
 []


Overfull \hbox (2.25635pt too wide) in paragraph at lines 637--637
\OT1/ppl/m/n/12 choose 
 []


Overfull \hbox (2.27995pt too wide) in paragraph at lines 637--637
\OT1/ppl/m/n/12 pletely 
 []


Overfull \hbox (2.25635pt too wide) in paragraph at lines 637--637
\OT1/ppl/m/n/12 choose 
 []


Overfull \hbox (2.27995pt too wide) in paragraph at lines 637--637
\OT1/ppl/m/n/12 pletely 
 []


Overfull \hbox (2.25635pt too wide) in paragraph at lines 637--637
\OT1/ppl/m/n/12 choose 
 []


Overfull \hbox (2.27995pt too wide) in paragraph at lines 637--637
\OT1/ppl/m/n/12 pletely 
 []


Overfull \hbox (2.25635pt too wide) in paragraph at lines 637--637
\OT1/ppl/m/n/12 choose 
 []

(./tables/par_n_iter.tex) [15]
Overfull \hbox (7.04433pt too wide) in paragraph at lines 641--641
\OT1/ppl/m/n/12 shocks?  
 []


Overfull \hbox (7.04433pt too wide) in paragraph at lines 641--641
\OT1/ppl/m/n/12 shocks?  
 []


Overfull \hbox (7.04433pt too wide) in paragraph at lines 641--641
\OT1/ppl/m/n/12 shocks?  
 []


Overfull \hbox (7.04433pt too wide) in paragraph at lines 641--641
\OT1/ppl/m/n/12 shocks?  
 []

(./tables/est_alpha.tex) (./tables/est_theta.tex) (./tables/est_theta_per.tex)
(./tables/est_fc.tex) (./tables/est_irate_per.tex)
(./tables/est_irate_annual_per.tex) (./tables/est_irate_per.tex)
(./tables/est_irate_annual_per.tex) (./tables/est_alpha.tex)
(./tables/est_sd_alpha.tex) (./tables/est_theta.tex) (./tables/est_sd_theta.tex
) (./tables/est_fc.tex) (./tables/est_sd_fc.tex) (./tables/est_irate.tex)
(./tables/est_sd_irate.tex) (./tables/est_hhs.tex) (./tables/est_obs.tex)

LaTeX Warning: `!h' float specifier changed to `!ht'.


Overfull \hbox (85.18726pt too wide) in paragraph at lines 673--673
\OT1/ppl/m/n/12 model/computations?  
 []


Overfull \hbox (85.18726pt too wide) in paragraph at lines 673--673
\OT1/ppl/m/n/12 model/computations?  
 []


Overfull \hbox (85.18726pt too wide) in paragraph at lines 673--673
\OT1/ppl/m/n/12 model/computations?  
 []


Overfull \hbox (85.18726pt too wide) in paragraph at lines 673--673
\OT1/ppl/m/n/12 model/computations?  
 []

[16] (./tables/table_fit_est.tex) (./tables/table_fit_out.tex) [17] [18]
Overfull \hbox (4.63245pt too wide) in paragraph at lines 712--712
\OT1/ppl/m/n/12 around 
 []


Overfull \hbox (4.88443pt too wide) in paragraph at lines 712--712
\OT1/ppl/m/n/12 and/or 
 []


Overfull \hbox (4.63245pt too wide) in paragraph at lines 712--712
\OT1/ppl/m/n/12 around 
 []


Overfull \hbox (4.88443pt too wide) in paragraph at lines 712--712
\OT1/ppl/m/n/12 and/or 
 []


Overfull \hbox (4.63245pt too wide) in paragraph at lines 712--712
\OT1/ppl/m/n/12 around 
 []


Overfull \hbox (4.88443pt too wide) in paragraph at lines 712--712
\OT1/ppl/m/n/12 and/or 
 []


Overfull \hbox (4.63245pt too wide) in paragraph at lines 712--712
\OT1/ppl/m/n/12 around 
 []


Overfull \hbox (4.88443pt too wide) in paragraph at lines 712--712
\OT1/ppl/m/n/12 and/or 
 []

<tables/new_deaton_graph.pdf, id=82, 397.485pt x 289.08pt>
File: tables/new_deaton_graph.pdf Graphic file (type pdf)

<use tables/new_deaton_graph.pdf>
Package pdftex.def Info: tables/new_deaton_graph.pdf used on input line 716.
(pdftex.def)             Requested size: 437.23485pt x 317.98897pt.
 (./tables/par_n_iter.tex)

LaTeX Warning: Marginpar on page 19 moved.

(./tables/par_n_iter.tex) [19 <./tables/new_deaton_graph.pdf>]
Overfull \hbox (48.69554pt too wide) in paragraph at lines 729--729
\OT1/ppl/m/n/12 lumpy/spikey? 
 []


Overfull \hbox (4.9562pt too wide) in paragraph at lines 729--729
\OT1/ppl/m/n/12 doesn't 
 []


Overfull \hbox (21.18005pt too wide) in paragraph at lines 729--729
\OT1/ppl/m/n/12 smoothly?  
 []


Overfull \hbox (48.69554pt too wide) in paragraph at lines 729--729
\OT1/ppl/m/n/12 lumpy/spikey? 
 []


Overfull \hbox (4.9562pt too wide) in paragraph at lines 729--729
\OT1/ppl/m/n/12 doesn't 
 []


Overfull \hbox (21.18005pt too wide) in paragraph at lines 729--729
\OT1/ppl/m/n/12 smoothly?  
 []


Overfull \hbox (48.69554pt too wide) in paragraph at lines 729--729
\OT1/ppl/m/n/12 lumpy/spikey? 
 []


Overfull \hbox (4.9562pt too wide) in paragraph at lines 729--729
\OT1/ppl/m/n/12 doesn't 
 []


Overfull \hbox (21.18005pt too wide) in paragraph at lines 729--729
\OT1/ppl/m/n/12 smoothly?  
 []


Overfull \hbox (48.69554pt too wide) in paragraph at lines 729--729
\OT1/ppl/m/n/12 lumpy/spikey? 
 []


Overfull \hbox (4.9562pt too wide) in paragraph at lines 729--729
\OT1/ppl/m/n/12 doesn't 
 []


Overfull \hbox (21.18005pt too wide) in paragraph at lines 729--729
\OT1/ppl/m/n/12 smoothly?  
 []


Overfull \hbox (9.72806pt too wide) in paragraph at lines 729--730
[][]\OT1/ppl/m/n/12 The fourth panel in-di-cates house-hold wa-ter us-age pat-t
erns over the same 100 months.
 []

[20] (./tables/U_nl_abs.tex) (./tables/U_nl_abs_usd.tex) (./tables/U_nl_abs.tex
) (./tables/bill_all.tex) (./tables/U_nl_per.tex) (./tables/c_h_nl_drop.tex)
(./tables/bill_inc_all.tex) (./tables/U_ppe.tex) (./tables/U_pp.tex)
(./tables/U_ppe_t1.tex) (./tables/U_pp_t1.tex) (./tables/U_ppe_t2.tex)
(./tables/U_pp_t2.tex) (./tables/U_ppe_t3.tex) (./tables/U_pp_t3.tex)
(./tables/c_h.tex) (./tables/c_ppe.tex) (./tables/c_pp.tex)
(./tables/c_h_t1.tex) (./tables/c_ppe_t1.tex) (./tables/c_pp_t1.tex)
(./tables/c_h_t2.tex) (./tables/c_ppe_t2.tex) (./tables/c_pp_t2.tex)
(./tables/c_h_t3.tex) (./tables/c_ppe_t3.tex) (./tables/c_pp_t3.tex)
(./tables/p_int2.tex) (./tables/p_int_ppe2.tex) (./tables/p_int_pp2.tex)
(./tables/total_costs.tex) (./tables/ppinst.tex) [21] (./tables/irate.tex)
(./tables/coste.tex) (./tables/prob_caught.tex) (./tables/visit_cost.tex)
[22] (./tables/dc_per_month_account.tex) (./tables/out_bal.tex)
(./tables/delinquency_cost.tex) (./tables/delinquency_cost.tex)
Overfull \hbox (4.17616pt too wide) in paragraph at lines 791--791
\OT1/ppl/m/n/12 rewrite 
 []


Overfull \hbox (4.17616pt too wide) in paragraph at lines 791--791
\OT1/ppl/m/n/12 rewrite 
 []


Overfull \hbox (4.17616pt too wide) in paragraph at lines 791--791
\OT1/ppl/m/n/12 rewrite 
 []


Overfull \hbox (4.17616pt too wide) in paragraph at lines 791--791
\OT1/ppl/m/n/12 rewrite 
 []

LaTeX Font Info:    Font shape `OMS/ppl/m/n' in size <12> not available
(Font)              Font shape `OMS/cmsy/m/n' tried instead on input line 794.

Overfull \hbox (5.21991pt too wide) in paragraph at lines 794--795
\OT1/ppl/m/n/12 any in-cen-tives that house-holds may face to over-con-sume in 
their fi-nal months
 []

[23] (./tables/U_ppe_abs.tex) (./tables/delinquency_cost.tex) [24]
Overfull \hbox (4.57228pt too wide) in paragraph at lines 822--822
\OT1/ppl/m/n/12 phones 
 []


Overfull \hbox (4.57228pt too wide) in paragraph at lines 822--822
\OT1/ppl/m/n/12 phones 
 []


Overfull \hbox (4.57228pt too wide) in paragraph at lines 822--822
\OT1/ppl/m/n/12 phones 
 []


Overfull \hbox (4.57228pt too wide) in paragraph at lines 822--822
\OT1/ppl/m/n/12 phones 
 []

(./tables/p_increase_per.tex) (./tables/delinquency_cost.tex)
(./tables/c_h_pp_drop.tex) (./tables/U_pp_abs.tex) [25] (./tables/U_nl_per.tex)
(./tables/U_ppe_abs_usd.tex) (./tables/U_pp_abs_usd.tex)
Overfull \hbox (0.62434pt too wide) in paragraph at lines 837--837
\OT1/ppl/m/n/12 would 
 []


Overfull \hbox (3.90034pt too wide) in paragraph at lines 837--837
\OT1/ppl/m/n/12 oomph 
 []


Overfull \hbox (3.7442pt too wide) in paragraph at lines 837--837
\OT1/ppl/m/n/12 punch- 
 []


Overfull \hbox (0.62434pt too wide) in paragraph at lines 837--837
\OT1/ppl/m/n/12 would 
 []


Overfull \hbox (3.90034pt too wide) in paragraph at lines 837--837
\OT1/ppl/m/n/12 oomph 
 []


Overfull \hbox (3.7442pt too wide) in paragraph at lines 837--837
\OT1/ppl/m/n/12 punch- 
 []


Overfull \hbox (0.62434pt too wide) in paragraph at lines 837--837
\OT1/ppl/m/n/12 would 
 []


Overfull \hbox (3.90034pt too wide) in paragraph at lines 837--837
\OT1/ppl/m/n/12 oomph 
 []


Overfull \hbox (3.7442pt too wide) in paragraph at lines 837--837
\OT1/ppl/m/n/12 punch- 
 []


Overfull \hbox (0.62434pt too wide) in paragraph at lines 837--837
\OT1/ppl/m/n/12 would 
 []


Overfull \hbox (3.90034pt too wide) in paragraph at lines 837--837
\OT1/ppl/m/n/12 oomph 
 []


Overfull \hbox (3.7442pt too wide) in paragraph at lines 837--837
\OT1/ppl/m/n/12 punch- 
 []


LaTeX Warning: Marginpar on page 26 moved.

[26]
Overfull \hbox (48.74013pt too wide) in paragraph at lines 904--904
[] 
 []

(./tables/date_N.tex) (./tables/am_N.tex) (./tables/date_N.tex)
(./tables/class_drop.tex) (./tables/pay_drop.tex) (./tables/chigh_drop.tex)
(./tables/amount_drop.tex) (./tables/bal_drop.tex) (./tables/paylh_drop.tex)
(./tables/month_drop.tex) (./tables/am_N.tex) [27] (./tables/veq_opt.tex)
(./tables/cut_point3.tex) (./tables/veq_opt.tex) (./tables/cut_point3.tex)
(./tables/f_10.tex) (./tables/f_11.tex) (./tables/c_12.tex) (./tables/c_21.tex)
(./tables/c_41.tex) (./tables/c_61.tex) (./tables/c_81.tex) (./tables/c_101.tex
) (./tables/c_151.tex) (./tables/c_200.tex) [28] (./tables/price_reg.tex)
[29] (./tables/table_lfs_analysis.tex)
Underfull \hbox (badness 1028) in paragraph at lines 1124--1125
[]\OT1/ppl/m/n/10 All units are in PhP. Quar-terly fixed ef-
 []


Underfull \hbox (badness 1533) in paragraph at lines 1124--1125
\OT1/ppl/m/n/10 fects are in-cluded. Stan-dard er-rors are
 []

<tables/line_disc_graph.pdf, id=135, 397.485pt x 289.08pt>
File: tables/line_disc_graph.pdf Graphic file (type pdf)

<use tables/line_disc_graph.pdf>
Package pdftex.def Info: tables/line_disc_graph.pdf used on input line 1142.
(pdftex.def)             Requested size: 278.2376pt x 202.35461pt.
 [30] (./tables/cv.tex) (./tables/cv_adj.tex)
(./tables/cv_t1.tex) (./tables/cv_adj_t1.tex) (./tables/cv_t2.tex)
(./tables/cv_adj_t2.tex) (./tables/cv_t3.tex) (./tables/cv_adj_t3.tex)
(./tables/cbms_hhs.tex) (./tables/cbms_hhs.tex) [31 <./tables/line_disc_graph.p
df>] (./paper.bbl [32]
LaTeX Font Info:    Try loading font information for OT1+pcr on input line 102.


(/usr/local/texlive/2015/texmf-dist/tex/latex/psnfss/ot1pcr.fd
File: ot1pcr.fd 2001/06/04 font definitions for OT1/pcr.
) [33] [34])
[35]
Package atveryend Info: Empty hook `BeforeClearDocument' on input line 1204.
Package atveryend Info: Empty hook `AfterLastShipout' on input line 1204.
 (./paper.aux)
Package atveryend Info: Executing hook `AtVeryEndDocument' on input line 1204.
Package atveryend Info: Empty hook `AtEndAfterFileList' on input line 1204.


LaTeX Font Warning: Size substitutions with differences
(Font)              up to 0.5pt have occurred.


LaTeX Warning: There were undefined references.

 ) 
Here is how much of TeX's memory you used:
 24407 strings out of 493089
 448931 string characters out of 6134842
 568194 words of memory out of 5000000
 26820 multiletter control sequences out of 15000+600000
 129824 words of font info for 349 fonts, out of 8000000 for 9000
 1141 hyphenation exceptions out of 8191
 59i,24n,94p,2123b,995s stack positions out of 5000i,500n,10000p,200000b,80000s
{/usr/local/texlive/2015/texmf-dist/fonts/enc/dvips/base/8r.enc}</usr/local/t
exlive/2015/texmf-dist/fonts/type1/public/amsfonts/cm/cmsy10.pfb></usr/local/te
xlive/2015/texmf-dist/fonts/type1/public/amsfonts/cm/cmsy7.pfb></usr/local/texl
ive/2015/texmf-dist/fonts/type1/public/newtx/rntxmi.pfb></usr/local/texlive/201
5/texmf-dist/fonts/type1/public/newtx/rntxmi5.pfb></usr/local/texlive/2015/texm
f-dist/fonts/type1/public/newtx/rntxmi7.pfb></usr/local/texlive/2015/texmf-dist
/fonts/type1/public/txfonts/rtxmi.pfb></usr/local/texlive/2015/texmf-dist/fonts
/type1/public/newtx/rtxmi5.pfb></usr/local/texlive/2015/texmf-dist/fonts/type1/
public/newtx/rtxmi7.pfb></usr/local/texlive/2015/texmf-dist/fonts/type1/public/
txfonts/rtxr.pfb></usr/local/texlive/2015/texmf-dist/fonts/type1/public/newtx/t
xex-bar.pfb></usr/local/texlive/2015/texmf-dist/fonts/type1/public/txfonts/txex
.pfb></usr/local/texlive/2015/texmf-dist/fonts/type1/public/txfonts/txmia.pfb><
/usr/local/texlive/2015/texmf-dist/fonts/type1/public/txfonts/txsy.pfb></usr/lo
cal/texlive/2015/texmf-dist/fonts/type1/urw/courier/ucrr8a.pfb></usr/local/texl
ive/2015/texmf-dist/fonts/type1/urw/palatino/uplb8a.pfb></usr/local/texlive/201
5/texmf-dist/fonts/type1/urw/palatino/uplr8a.pfb></usr/local/texlive/2015/texmf
-dist/fonts/type1/urw/palatino/uplri8a.pfb></usr/local/texlive/2015/texmf-dist/
fonts/type1/urw/times/utmr8a.pfb></usr/local/texlive/2015/texmf-dist/fonts/type
1/urw/times/utmri8a.pfb>
Output written on paper.pdf (36 pages, 273518 bytes).
PDF statistics:
 230 PDF objects out of 1000 (max. 8388607)
 163 compressed objects within 2 object streams
 0 named destinations out of 1000 (max. 500000)
 23 words of extra memory for PDF output out of 10000 (max. 10000000)

